<?xml version="1.0" encoding="UTF-8"?>
<robot generator="Robot 4.0 (Python 3.8.6 on darwin)" generated="20210926 21:53:00.742" rpa="false" schemaversion="2">
<suite id="s1" name="SearchSkillAcademy" source="/Users/regisaputra/rsaputra/exercise/ruangguru-web-test/Tests/SearchSkillAcademy.robot">
<test id="s1-t1" name="TC009 Search With Input Keyword and Sort by Most Expensive Price">
<kw name="Start Testing" library="CommonKeywords" type="SETUP">
<arg>${URL}</arg>
<kw name="Open Web" library="CommonKeywords">
<arg>${URL}</arg>
<kw name="Convert To Lower Case" library="String">
<var>${BROWSER}</var>
<arg>${BROWSER}</arg>
<doc>Converts string to lower case.</doc>
<msg timestamp="20210926 21:53:01.053" level="INFO">${BROWSER} = chrome</msg>
<status status="PASS" starttime="20210926 21:53:01.052" endtime="20210926 21:53:01.053"/>
</kw>
<kw name="Open Normal Browser" library="Browser">
<arg>${URL}</arg>
<kw name="Open Browser" library="SeleniumLibrary">
<arg>${URL_BLANK}</arg>
<arg>${BROWSER}</arg>
<doc>Opens a new browser instance to the optional ``url``.</doc>
<msg timestamp="20210926 21:53:01.054" level="INFO">Opening browser 'chrome' to base url 'about:blank'.</msg>
<status status="PASS" starttime="20210926 21:53:01.053" endtime="20210926 21:53:16.488"/>
</kw>
<kw name="Maximize Browser Window" library="SeleniumLibrary">
<doc>Maximizes current browser window.</doc>
<status status="PASS" starttime="20210926 21:53:16.488" endtime="20210926 21:53:19.038"/>
</kw>
<kw name="Go To" library="SeleniumLibrary">
<arg>${URL}</arg>
<doc>Navigates the current browser window to the provided ``url``.</doc>
<msg timestamp="20210926 21:53:19.039" level="INFO">Opening url 'https://skillacademy.com/'</msg>
<status status="PASS" starttime="20210926 21:53:19.038" endtime="20210926 21:53:25.192"/>
</kw>
<status status="PASS" starttime="20210926 21:53:01.053" endtime="20210926 21:53:25.192"/>
</kw>
<status status="PASS" starttime="20210926 21:53:01.052" endtime="20210926 21:53:25.193"/>
</kw>
<kw name="Set Selenium Timeout" library="SeleniumLibrary">
<arg>${DEFAULT_TIMEOUT}</arg>
<doc>Sets the timeout that is used by various keywords.</doc>
<status status="PASS" starttime="20210926 21:53:25.193" endtime="20210926 21:53:25.194"/>
</kw>
<kw name="Set Selenium Speed" library="SeleniumLibrary">
<arg>${DELAY}</arg>
<doc>Sets the delay that is waited after each Selenium command.</doc>
<status status="PASS" starttime="20210926 21:53:25.195" endtime="20210926 21:53:25.195"/>
</kw>
<status status="PASS" starttime="20210926 21:53:01.051" endtime="20210926 21:53:25.195"/>
</kw>
<kw name="Verify Homepage Opened" library="Homepage">
<kw name="Wait Until Element Is Visible" library="SeleniumLibrary">
<arg>${field_img_logo_skill_academy}</arg>
<doc>Waits until the element ``locator`` is visible.</doc>
<status status="PASS" starttime="20210926 21:53:25.196" endtime="20210926 21:53:25.634"/>
</kw>
<kw name="Element Should Be Visible" library="SeleniumLibrary">
<arg>${field_img_logo_skill_academy}</arg>
<doc>Verifies that the element identified by ``locator`` is visible.</doc>
<msg timestamp="20210926 21:53:26.067" level="INFO">Element 'css=img[alt='Skill Academy Logo']' is displayed.</msg>
<status status="PASS" starttime="20210926 21:53:25.634" endtime="20210926 21:53:26.067"/>
</kw>
<kw name="Wait Until Element Is Visible" library="SeleniumLibrary">
<arg>${button_menu_for_enterprise}</arg>
<doc>Waits until the element ``locator`` is visible.</doc>
<status status="PASS" starttime="20210926 21:53:26.067" endtime="20210926 21:53:26.512"/>
</kw>
<kw name="Element Should Be Visible" library="SeleniumLibrary">
<arg>${button_menu_for_enterprise}</arg>
<doc>Verifies that the element identified by ``locator`` is visible.</doc>
<msg timestamp="20210926 21:53:26.936" level="INFO">Element 'xpath=//a[@data-testid='header-enterprise-skillacademy-button']/p' is displayed.</msg>
<status status="PASS" starttime="20210926 21:53:26.513" endtime="20210926 21:53:26.936"/>
</kw>
<kw name="Wait Until Element Is Visible" library="SeleniumLibrary">
<arg>${button_menu_kelas_pekerja}</arg>
<doc>Waits until the element ``locator`` is visible.</doc>
<status status="PASS" starttime="20210926 21:53:26.936" endtime="20210926 21:53:27.362"/>
</kw>
<kw name="Element Should Be Visible" library="SeleniumLibrary">
<arg>${button_menu_kelas_pekerja}</arg>
<doc>Verifies that the element identified by ``locator`` is visible.</doc>
<msg timestamp="20210926 21:53:27.790" level="INFO">Element 'xpath=//a[@href='/prakerja']/p' is displayed.</msg>
<status status="PASS" starttime="20210926 21:53:27.363" endtime="20210926 21:53:27.790"/>
</kw>
<kw name="Wait Until Element Is Visible" library="SeleniumLibrary">
<arg>${button_menu_dropdown_kategori}</arg>
<doc>Waits until the element ``locator`` is visible.</doc>
<status status="PASS" starttime="20210926 21:53:27.791" endtime="20210926 21:53:28.223"/>
</kw>
<kw name="Element Should Be Visible" library="SeleniumLibrary">
<arg>${button_menu_dropdown_kategori}</arg>
<doc>Verifies that the element identified by ``locator`` is visible.</doc>
<msg timestamp="20210926 21:53:28.654" level="INFO">Element 'xpath=//div[@data-testid='dropdown-category']/p' is displayed.</msg>
<status status="PASS" starttime="20210926 21:53:28.223" endtime="20210926 21:53:28.654"/>
</kw>
<kw name="Wait Until Element Is Visible" library="SeleniumLibrary">
<arg>${button_menu_tambah_uang_saku}</arg>
<doc>Waits until the element ``locator`` is visible.</doc>
<status status="PASS" starttime="20210926 21:53:28.655" endtime="20210926 21:53:29.083"/>
</kw>
<kw name="Element Should Be Visible" library="SeleniumLibrary">
<arg>${button_menu_tambah_uang_saku}</arg>
<doc>Verifies that the element identified by ``locator`` is visible.</doc>
<msg timestamp="20210926 21:53:29.509" level="INFO">Element 'xpath=//a[@href='/referral/detail?scrollTo=&amp;activeTab=']/p' is displayed.</msg>
<status status="PASS" starttime="20210926 21:53:29.083" endtime="20210926 21:53:29.510"/>
</kw>
<kw name="Wait Until Element Is Visible" library="SeleniumLibrary">
<arg>${field_input_search}</arg>
<doc>Waits until the element ``locator`` is visible.</doc>
<status status="PASS" starttime="20210926 21:53:29.510" endtime="20210926 21:53:29.943"/>
</kw>
<kw name="Element Should Be Visible" library="SeleniumLibrary">
<arg>${field_input_search}</arg>
<doc>Verifies that the element identified by ``locator`` is visible.</doc>
<msg timestamp="20210926 21:53:30.376" level="INFO">Element 'xpath=//input[@data-testid='search-input-field']' is displayed.</msg>
<status status="PASS" starttime="20210926 21:53:29.943" endtime="20210926 21:53:30.376"/>
</kw>
<kw name="Wait Until Element Is Visible" library="SeleniumLibrary">
<arg>${field_img_banner_home}</arg>
<doc>Waits until the element ``locator`` is visible.</doc>
<status status="PASS" starttime="20210926 21:53:30.376" endtime="20210926 21:53:30.804"/>
</kw>
<kw name="Element Should Be Visible" library="SeleniumLibrary">
<arg>${field_img_banner_home}</arg>
<doc>Verifies that the element identified by ``locator`` is visible.</doc>
<msg timestamp="20210926 21:53:31.226" level="INFO">Element 'css=img[alt='Home Banner Large']' is displayed.</msg>
<status status="PASS" starttime="20210926 21:53:30.804" endtime="20210926 21:53:31.226"/>
</kw>
<status status="PASS" starttime="20210926 21:53:25.195" endtime="20210926 21:53:31.227"/>
</kw>
<kw name="Input 'keyword' in field search" library="Homepage">
<arg>java</arg>
<kw name="Wait Until Element Is Visible" library="SeleniumLibrary">
<arg>${field_input_search}</arg>
<doc>Waits until the element ``locator`` is visible.</doc>
<status status="PASS" starttime="20210926 21:53:31.228" endtime="20210926 21:53:31.655"/>
</kw>
<kw name="Input Text" library="SeleniumLibrary">
<arg>${field_input_search}</arg>
<arg>${TEXT_KEYWORD_SEARCH}</arg>
<doc>Types the given ``text`` into the text field identified by ``locator``.</doc>
<msg timestamp="20210926 21:53:31.656" level="INFO">Typing text 'java' into text field 'xpath=//input[@data-testid='search-input-field']'.</msg>
<status status="PASS" starttime="20210926 21:53:31.656" endtime="20210926 21:53:32.533"/>
</kw>
<status status="PASS" starttime="20210926 21:53:31.227" endtime="20210926 21:53:32.533"/>
</kw>
<kw name="Click search icon" library="Homepage">
<kw name="Wait Until Element Is Visible" library="SeleniumLibrary">
<arg>${field_img_icon_search}</arg>
<doc>Waits until the element ``locator`` is visible.</doc>
<status status="PASS" starttime="20210926 21:53:32.535" endtime="20210926 21:53:32.976"/>
</kw>
<kw name="Click Element" library="SeleniumLibrary">
<arg>${field_img_icon_search}</arg>
<doc>Click the element identified by ``locator``.</doc>
<msg timestamp="20210926 21:53:32.977" level="INFO">Clicking element 'xpath=//div[@data-testid='search-icon']'.</msg>
<status status="PASS" starttime="20210926 21:53:32.976" endtime="20210926 21:53:33.517"/>
</kw>
<status status="PASS" starttime="20210926 21:53:32.534" endtime="20210926 21:53:33.517"/>
</kw>
<kw name="Validate search result" library="Searchpage">
<kw name="Wait Until Element Is Visible" library="SeleniumLibrary">
<arg>${text_total_result}</arg>
<doc>Waits until the element ``locator`` is visible.</doc>
<status status="PASS" starttime="20210926 21:53:33.518" endtime="20210926 21:53:34.550"/>
</kw>
<kw name="Element Should Be Visible" library="SeleniumLibrary">
<arg>${text_total_result}</arg>
<doc>Verifies that the element identified by ``locator`` is visible.</doc>
<msg timestamp="20210926 21:53:34.977" level="INFO">Element 'css=[data-testid='total-result']' is displayed.</msg>
<status status="PASS" starttime="20210926 21:53:34.550" endtime="20210926 21:53:34.977"/>
</kw>
<kw name="Wait Until Element Is Visible" library="SeleniumLibrary">
<arg>${field_filter_by_harga}</arg>
<doc>Waits until the element ``locator`` is visible.</doc>
<status status="PASS" starttime="20210926 21:53:34.978" endtime="20210926 21:53:35.410"/>
</kw>
<kw name="Element Should Be Visible" library="SeleniumLibrary">
<arg>${field_filter_by_harga}</arg>
<doc>Verifies that the element identified by ``locator`` is visible.</doc>
<msg timestamp="20210926 21:53:35.837" level="INFO">Element 'xpath=(//div[@data-testid='dropdown-container']//div[.='Harga'])[1]' is displayed.</msg>
<status status="PASS" starttime="20210926 21:53:35.410" endtime="20210926 21:53:35.837"/>
</kw>
<kw name="Wait Until Element Is Visible" library="SeleniumLibrary">
<arg>${field_filter_by_durasi}</arg>
<doc>Waits until the element ``locator`` is visible.</doc>
<status status="PASS" starttime="20210926 21:53:35.837" endtime="20210926 21:53:36.264"/>
</kw>
<kw name="Element Should Be Visible" library="SeleniumLibrary">
<arg>${field_filter_by_durasi}</arg>
<doc>Verifies that the element identified by ``locator`` is visible.</doc>
<msg timestamp="20210926 21:53:36.692" level="INFO">Element 'xpath=(//div[@data-testid='dropdown-container']//div[.='Durasi'])[1]' is displayed.</msg>
<status status="PASS" starttime="20210926 21:53:36.265" endtime="20210926 21:53:36.692"/>
</kw>
<kw name="Wait Until Element Is Visible" library="SeleniumLibrary">
<arg>${field_sort_by}</arg>
<doc>Waits until the element ``locator`` is visible.</doc>
<status status="PASS" starttime="20210926 21:53:36.693" endtime="20210926 21:53:37.124"/>
</kw>
<kw name="Element Should Be Visible" library="SeleniumLibrary">
<arg>${field_sort_by}</arg>
<doc>Verifies that the element identified by ``locator`` is visible.</doc>
<msg timestamp="20210926 21:53:37.543" level="INFO">Element 'xpath=(//div[@data-testid='dropdown-container']//div[.='Pilih'])[1]' is displayed.</msg>
<status status="PASS" starttime="20210926 21:53:37.124" endtime="20210926 21:53:37.543"/>
</kw>
<status status="PASS" starttime="20210926 21:53:33.517" endtime="20210926 21:53:37.544"/>
</kw>
<kw name="Sort by most expensive" library="Searchpage">
<kw name="Wait Until Element Is Visible" library="SeleniumLibrary">
<arg>${field_sort_by}</arg>
<doc>Waits until the element ``locator`` is visible.</doc>
<status status="PASS" starttime="20210926 21:53:37.545" endtime="20210926 21:53:37.972"/>
</kw>
<kw name="Click Element" library="SeleniumLibrary">
<arg>${field_sort_by}</arg>
<doc>Click the element identified by ``locator``.</doc>
<msg timestamp="20210926 21:53:37.974" level="INFO">Clicking element 'xpath=(//div[@data-testid='dropdown-container']//div[.='Pilih'])[1]'.</msg>
<status status="PASS" starttime="20210926 21:53:37.973" endtime="20210926 21:53:38.597"/>
</kw>
<kw name="Wait Until Element Is Visible" library="SeleniumLibrary">
<arg>${sort_by_most_expensive}</arg>
<doc>Waits until the element ``locator`` is visible.</doc>
<status status="PASS" starttime="20210926 21:53:38.597" endtime="20210926 21:53:39.040"/>
</kw>
<kw name="Click Element" library="SeleniumLibrary">
<arg>${sort_by_most_expensive}</arg>
<doc>Click the element identified by ``locator``.</doc>
<msg timestamp="20210926 21:53:39.041" level="INFO">Clicking element 'xpath=//*[.='Harga Tertinggi']'.</msg>
<status status="PASS" starttime="20210926 21:53:39.040" endtime="20210926 21:53:39.629"/>
</kw>
<status status="PASS" starttime="20210926 21:53:37.544" endtime="20210926 21:53:39.629"/>
</kw>
<kw name="Verify Sort Most Expensive Price" library="Searchpage">
<kw name="Wait Until Element Is Visible" library="SeleniumLibrary">
<arg>${text_result_price}</arg>
<doc>Waits until the element ``locator`` is visible.</doc>
<status status="PASS" starttime="20210926 21:53:39.630" endtime="20210926 21:53:40.474"/>
</kw>
<kw name="Set Variable" library="BuiltIn">
<var>${INDEX}</var>
<arg>1</arg>
<doc>Returns the given values which can then be assigned to a variables.</doc>
<msg timestamp="20210926 21:53:40.476" level="INFO">${INDEX} = 1</msg>
<status status="PASS" starttime="20210926 21:53:40.475" endtime="20210926 21:53:40.476"/>
</kw>
<kw name="Set Variable" library="BuiltIn">
<var>${INDEX_2}</var>
<arg>2</arg>
<doc>Returns the given values which can then be assigned to a variables.</doc>
<msg timestamp="20210926 21:53:40.476" level="INFO">${INDEX_2} = 2</msg>
<status status="PASS" starttime="20210926 21:53:40.476" endtime="20210926 21:53:40.476"/>
</kw>
<kw name="Get Element Count" library="SeleniumLibrary">
<var>${COUNT_ELEMENTS}</var>
<arg>${text_result_price}</arg>
<doc>Returns the number of elements matching ``locator``.</doc>
<msg timestamp="20210926 21:53:40.684" level="INFO">${COUNT_ELEMENTS} = 6</msg>
<status status="PASS" starttime="20210926 21:53:40.476" endtime="20210926 21:53:40.685"/>
</kw>
<for flavor="IN RANGE">
<var>${ELEMENT}</var>
<value>${COUNT_ELEMENTS}-1</value>
<iter>
<var name="${ELEMENT}">0</var>
<kw name="Log" library="BuiltIn">
<arg>${ELEMENT}</arg>
<doc>Logs the given message with the given level.</doc>
<msg timestamp="20210926 21:53:40.686" level="INFO">0</msg>
<status status="PASS" starttime="20210926 21:53:40.685" endtime="20210926 21:53:40.686"/>
</kw>
<kw name="Catenate" library="BuiltIn">
<var>${ELEMENT_INDEX_1}</var>
<arg>(${text_result_price})[${INDEX}]</arg>
<doc>Catenates the given items together and returns the resulted string.</doc>
<msg timestamp="20210926 21:53:40.687" level="INFO">${ELEMENT_INDEX_1} = (//p[@data-testid='price-final'])[1]</msg>
<status status="PASS" starttime="20210926 21:53:40.686" endtime="20210926 21:53:40.687"/>
</kw>
<kw name="Get Text" library="SeleniumLibrary">
<var>${TEXT_1}</var>
<arg>${ELEMENT_INDEX_1}</arg>
<doc>Returns the text value of the element identified by ``locator``.</doc>
<msg timestamp="20210926 21:53:41.121" level="INFO">${TEXT_1} = Rp 30.000.000</msg>
<status status="PASS" starttime="20210926 21:53:40.687" endtime="20210926 21:53:41.121"/>
</kw>
<kw name="Remove String" library="String">
<var>${TEXT_1}</var>
<arg>${TEXT_1}</arg>
<arg>Rp</arg>
<arg>.</arg>
<arg>,</arg>
<arg>${SPACE}</arg>
<doc>Removes all ``removables`` from the given ``string``.</doc>
<msg timestamp="20210926 21:53:41.121" level="INFO">${TEXT_1} = 30000000</msg>
<status status="PASS" starttime="20210926 21:53:41.121" endtime="20210926 21:53:41.121"/>
</kw>
<kw name="Convert To Number" library="BuiltIn">
<var>${TEXT_1}</var>
<arg>${TEXT_1}</arg>
<doc>Converts the given item to a floating point number.</doc>
<msg timestamp="20210926 21:53:41.123" level="INFO">${TEXT_1} = 30000000.0</msg>
<status status="PASS" starttime="20210926 21:53:41.122" endtime="20210926 21:53:41.123"/>
</kw>
<kw name="Catenate" library="BuiltIn">
<var>${ELEMENT_INDEX_2}</var>
<arg>(${text_result_price})[${INDEX_2}]</arg>
<doc>Catenates the given items together and returns the resulted string.</doc>
<msg timestamp="20210926 21:53:41.124" level="INFO">${ELEMENT_INDEX_2} = (//p[@data-testid='price-final'])[2]</msg>
<status status="PASS" starttime="20210926 21:53:41.123" endtime="20210926 21:53:41.124"/>
</kw>
<kw name="Get Text" library="SeleniumLibrary">
<var>${TEXT_2}</var>
<arg>${ELEMENT_INDEX_2}</arg>
<doc>Returns the text value of the element identified by ``locator``.</doc>
<msg timestamp="20210926 21:53:41.552" level="INFO">${TEXT_2} = Rp 30.000.000</msg>
<status status="PASS" starttime="20210926 21:53:41.124" endtime="20210926 21:53:41.552"/>
</kw>
<kw name="Get Text" library="SeleniumLibrary">
<var>${TEXT_2}</var>
<arg>${ELEMENT_INDEX_1}</arg>
<doc>Returns the text value of the element identified by ``locator``.</doc>
<msg timestamp="20210926 21:53:41.973" level="INFO">${TEXT_2} = Rp 30.000.000</msg>
<status status="PASS" starttime="20210926 21:53:41.552" endtime="20210926 21:53:41.973"/>
</kw>
<kw name="Remove String" library="String">
<var>${TEXT_2}</var>
<arg>${TEXT_2}</arg>
<arg>Rp</arg>
<arg>.</arg>
<arg>,</arg>
<arg>${SPACE}</arg>
<doc>Removes all ``removables`` from the given ``string``.</doc>
<msg timestamp="20210926 21:53:41.974" level="INFO">${TEXT_2} = 30000000</msg>
<status status="PASS" starttime="20210926 21:53:41.973" endtime="20210926 21:53:41.974"/>
</kw>
<kw name="Convert To Number" library="BuiltIn">
<var>${TEXT_2}</var>
<arg>${TEXT_2}</arg>
<doc>Converts the given item to a floating point number.</doc>
<msg timestamp="20210926 21:53:41.975" level="INFO">${TEXT_2} = 30000000.0</msg>
<status status="PASS" starttime="20210926 21:53:41.974" endtime="20210926 21:53:41.975"/>
</kw>
<kw name="Should Be True" library="BuiltIn">
<arg>${TEXT_1} &gt;= ${TEXT_2}</arg>
<doc>Fails if the given condition is not true.</doc>
<status status="PASS" starttime="20210926 21:53:41.975" endtime="20210926 21:53:41.976"/>
</kw>
<kw name="Evaluate" library="BuiltIn">
<var>${INDEX}</var>
<arg>${INDEX} + 1</arg>
<doc>Evaluates the given expression in Python and returns the result.</doc>
<msg timestamp="20210926 21:53:41.977" level="INFO">${INDEX} = 2</msg>
<status status="PASS" starttime="20210926 21:53:41.976" endtime="20210926 21:53:41.977"/>
</kw>
<kw name="Evaluate" library="BuiltIn">
<var>${INDEX_2}</var>
<arg>${INDEX_2} + 1</arg>
<doc>Evaluates the given expression in Python and returns the result.</doc>
<msg timestamp="20210926 21:53:41.977" level="INFO">${INDEX_2} = 3</msg>
<status status="PASS" starttime="20210926 21:53:41.977" endtime="20210926 21:53:41.977"/>
</kw>
<status status="PASS" starttime="20210926 21:53:40.685" endtime="20210926 21:53:41.977"/>
</iter>
<iter>
<var name="${ELEMENT}">1</var>
<kw name="Log" library="BuiltIn">
<arg>${ELEMENT}</arg>
<doc>Logs the given message with the given level.</doc>
<msg timestamp="20210926 21:53:41.978" level="INFO">1</msg>
<status status="PASS" starttime="20210926 21:53:41.978" endtime="20210926 21:53:41.978"/>
</kw>
<kw name="Catenate" library="BuiltIn">
<var>${ELEMENT_INDEX_1}</var>
<arg>(${text_result_price})[${INDEX}]</arg>
<doc>Catenates the given items together and returns the resulted string.</doc>
<msg timestamp="20210926 21:53:41.979" level="INFO">${ELEMENT_INDEX_1} = (//p[@data-testid='price-final'])[2]</msg>
<status status="PASS" starttime="20210926 21:53:41.978" endtime="20210926 21:53:41.979"/>
</kw>
<kw name="Get Text" library="SeleniumLibrary">
<var>${TEXT_1}</var>
<arg>${ELEMENT_INDEX_1}</arg>
<doc>Returns the text value of the element identified by ``locator``.</doc>
<msg timestamp="20210926 21:53:42.402" level="INFO">${TEXT_1} = Rp 30.000.000</msg>
<status status="PASS" starttime="20210926 21:53:41.979" endtime="20210926 21:53:42.402"/>
</kw>
<kw name="Remove String" library="String">
<var>${TEXT_1}</var>
<arg>${TEXT_1}</arg>
<arg>Rp</arg>
<arg>.</arg>
<arg>,</arg>
<arg>${SPACE}</arg>
<doc>Removes all ``removables`` from the given ``string``.</doc>
<msg timestamp="20210926 21:53:42.404" level="INFO">${TEXT_1} = 30000000</msg>
<status status="PASS" starttime="20210926 21:53:42.402" endtime="20210926 21:53:42.404"/>
</kw>
<kw name="Convert To Number" library="BuiltIn">
<var>${TEXT_1}</var>
<arg>${TEXT_1}</arg>
<doc>Converts the given item to a floating point number.</doc>
<msg timestamp="20210926 21:53:42.404" level="INFO">${TEXT_1} = 30000000.0</msg>
<status status="PASS" starttime="20210926 21:53:42.404" endtime="20210926 21:53:42.404"/>
</kw>
<kw name="Catenate" library="BuiltIn">
<var>${ELEMENT_INDEX_2}</var>
<arg>(${text_result_price})[${INDEX_2}]</arg>
<doc>Catenates the given items together and returns the resulted string.</doc>
<msg timestamp="20210926 21:53:42.405" level="INFO">${ELEMENT_INDEX_2} = (//p[@data-testid='price-final'])[3]</msg>
<status status="PASS" starttime="20210926 21:53:42.405" endtime="20210926 21:53:42.405"/>
</kw>
<kw name="Get Text" library="SeleniumLibrary">
<var>${TEXT_2}</var>
<arg>${ELEMENT_INDEX_2}</arg>
<doc>Returns the text value of the element identified by ``locator``.</doc>
<msg timestamp="20210926 21:53:42.841" level="INFO">${TEXT_2} = Rp 350.000</msg>
<status status="PASS" starttime="20210926 21:53:42.405" endtime="20210926 21:53:42.841"/>
</kw>
<kw name="Get Text" library="SeleniumLibrary">
<var>${TEXT_2}</var>
<arg>${ELEMENT_INDEX_1}</arg>
<doc>Returns the text value of the element identified by ``locator``.</doc>
<msg timestamp="20210926 21:53:43.265" level="INFO">${TEXT_2} = Rp 30.000.000</msg>
<status status="PASS" starttime="20210926 21:53:42.841" endtime="20210926 21:53:43.265"/>
</kw>
<kw name="Remove String" library="String">
<var>${TEXT_2}</var>
<arg>${TEXT_2}</arg>
<arg>Rp</arg>
<arg>.</arg>
<arg>,</arg>
<arg>${SPACE}</arg>
<doc>Removes all ``removables`` from the given ``string``.</doc>
<msg timestamp="20210926 21:53:43.266" level="INFO">${TEXT_2} = 30000000</msg>
<status status="PASS" starttime="20210926 21:53:43.265" endtime="20210926 21:53:43.266"/>
</kw>
<kw name="Convert To Number" library="BuiltIn">
<var>${TEXT_2}</var>
<arg>${TEXT_2}</arg>
<doc>Converts the given item to a floating point number.</doc>
<msg timestamp="20210926 21:53:43.267" level="INFO">${TEXT_2} = 30000000.0</msg>
<status status="PASS" starttime="20210926 21:53:43.266" endtime="20210926 21:53:43.267"/>
</kw>
<kw name="Should Be True" library="BuiltIn">
<arg>${TEXT_1} &gt;= ${TEXT_2}</arg>
<doc>Fails if the given condition is not true.</doc>
<status status="PASS" starttime="20210926 21:53:43.267" endtime="20210926 21:53:43.267"/>
</kw>
<kw name="Evaluate" library="BuiltIn">
<var>${INDEX}</var>
<arg>${INDEX} + 1</arg>
<doc>Evaluates the given expression in Python and returns the result.</doc>
<msg timestamp="20210926 21:53:43.268" level="INFO">${INDEX} = 3</msg>
<status status="PASS" starttime="20210926 21:53:43.268" endtime="20210926 21:53:43.268"/>
</kw>
<kw name="Evaluate" library="BuiltIn">
<var>${INDEX_2}</var>
<arg>${INDEX_2} + 1</arg>
<doc>Evaluates the given expression in Python and returns the result.</doc>
<msg timestamp="20210926 21:53:43.269" level="INFO">${INDEX_2} = 4</msg>
<status status="PASS" starttime="20210926 21:53:43.268" endtime="20210926 21:53:43.269"/>
</kw>
<status status="PASS" starttime="20210926 21:53:41.978" endtime="20210926 21:53:43.269"/>
</iter>
<iter>
<var name="${ELEMENT}">2</var>
<kw name="Log" library="BuiltIn">
<arg>${ELEMENT}</arg>
<doc>Logs the given message with the given level.</doc>
<msg timestamp="20210926 21:53:43.270" level="INFO">2</msg>
<status status="PASS" starttime="20210926 21:53:43.269" endtime="20210926 21:53:43.270"/>
</kw>
<kw name="Catenate" library="BuiltIn">
<var>${ELEMENT_INDEX_1}</var>
<arg>(${text_result_price})[${INDEX}]</arg>
<doc>Catenates the given items together and returns the resulted string.</doc>
<msg timestamp="20210926 21:53:43.270" level="INFO">${ELEMENT_INDEX_1} = (//p[@data-testid='price-final'])[3]</msg>
<status status="PASS" starttime="20210926 21:53:43.270" endtime="20210926 21:53:43.270"/>
</kw>
<kw name="Get Text" library="SeleniumLibrary">
<var>${TEXT_1}</var>
<arg>${ELEMENT_INDEX_1}</arg>
<doc>Returns the text value of the element identified by ``locator``.</doc>
<msg timestamp="20210926 21:53:43.695" level="INFO">${TEXT_1} = Rp 350.000</msg>
<status status="PASS" starttime="20210926 21:53:43.270" endtime="20210926 21:53:43.695"/>
</kw>
<kw name="Remove String" library="String">
<var>${TEXT_1}</var>
<arg>${TEXT_1}</arg>
<arg>Rp</arg>
<arg>.</arg>
<arg>,</arg>
<arg>${SPACE}</arg>
<doc>Removes all ``removables`` from the given ``string``.</doc>
<msg timestamp="20210926 21:53:43.696" level="INFO">${TEXT_1} = 350000</msg>
<status status="PASS" starttime="20210926 21:53:43.696" endtime="20210926 21:53:43.696"/>
</kw>
<kw name="Convert To Number" library="BuiltIn">
<var>${TEXT_1}</var>
<arg>${TEXT_1}</arg>
<doc>Converts the given item to a floating point number.</doc>
<msg timestamp="20210926 21:53:43.697" level="INFO">${TEXT_1} = 350000.0</msg>
<status status="PASS" starttime="20210926 21:53:43.697" endtime="20210926 21:53:43.697"/>
</kw>
<kw name="Catenate" library="BuiltIn">
<var>${ELEMENT_INDEX_2}</var>
<arg>(${text_result_price})[${INDEX_2}]</arg>
<doc>Catenates the given items together and returns the resulted string.</doc>
<msg timestamp="20210926 21:53:43.698" level="INFO">${ELEMENT_INDEX_2} = (//p[@data-testid='price-final'])[4]</msg>
<status status="PASS" starttime="20210926 21:53:43.698" endtime="20210926 21:53:43.698"/>
</kw>
<kw name="Get Text" library="SeleniumLibrary">
<var>${TEXT_2}</var>
<arg>${ELEMENT_INDEX_2}</arg>
<doc>Returns the text value of the element identified by ``locator``.</doc>
<msg timestamp="20210926 21:53:44.130" level="INFO">${TEXT_2} = Rp 200.000</msg>
<status status="PASS" starttime="20210926 21:53:43.698" endtime="20210926 21:53:44.130"/>
</kw>
<kw name="Get Text" library="SeleniumLibrary">
<var>${TEXT_2}</var>
<arg>${ELEMENT_INDEX_1}</arg>
<doc>Returns the text value of the element identified by ``locator``.</doc>
<msg timestamp="20210926 21:53:44.555" level="INFO">${TEXT_2} = Rp 350.000</msg>
<status status="PASS" starttime="20210926 21:53:44.130" endtime="20210926 21:53:44.555"/>
</kw>
<kw name="Remove String" library="String">
<var>${TEXT_2}</var>
<arg>${TEXT_2}</arg>
<arg>Rp</arg>
<arg>.</arg>
<arg>,</arg>
<arg>${SPACE}</arg>
<doc>Removes all ``removables`` from the given ``string``.</doc>
<msg timestamp="20210926 21:53:44.557" level="INFO">${TEXT_2} = 350000</msg>
<status status="PASS" starttime="20210926 21:53:44.556" endtime="20210926 21:53:44.557"/>
</kw>
<kw name="Convert To Number" library="BuiltIn">
<var>${TEXT_2}</var>
<arg>${TEXT_2}</arg>
<doc>Converts the given item to a floating point number.</doc>
<msg timestamp="20210926 21:53:44.557" level="INFO">${TEXT_2} = 350000.0</msg>
<status status="PASS" starttime="20210926 21:53:44.557" endtime="20210926 21:53:44.558"/>
</kw>
<kw name="Should Be True" library="BuiltIn">
<arg>${TEXT_1} &gt;= ${TEXT_2}</arg>
<doc>Fails if the given condition is not true.</doc>
<status status="PASS" starttime="20210926 21:53:44.558" endtime="20210926 21:53:44.558"/>
</kw>
<kw name="Evaluate" library="BuiltIn">
<var>${INDEX}</var>
<arg>${INDEX} + 1</arg>
<doc>Evaluates the given expression in Python and returns the result.</doc>
<msg timestamp="20210926 21:53:44.559" level="INFO">${INDEX} = 4</msg>
<status status="PASS" starttime="20210926 21:53:44.558" endtime="20210926 21:53:44.559"/>
</kw>
<kw name="Evaluate" library="BuiltIn">
<var>${INDEX_2}</var>
<arg>${INDEX_2} + 1</arg>
<doc>Evaluates the given expression in Python and returns the result.</doc>
<msg timestamp="20210926 21:53:44.560" level="INFO">${INDEX_2} = 5</msg>
<status status="PASS" starttime="20210926 21:53:44.559" endtime="20210926 21:53:44.560"/>
</kw>
<status status="PASS" starttime="20210926 21:53:43.269" endtime="20210926 21:53:44.560"/>
</iter>
<iter>
<var name="${ELEMENT}">3</var>
<kw name="Log" library="BuiltIn">
<arg>${ELEMENT}</arg>
<doc>Logs the given message with the given level.</doc>
<msg timestamp="20210926 21:53:44.560" level="INFO">3</msg>
<status status="PASS" starttime="20210926 21:53:44.560" endtime="20210926 21:53:44.560"/>
</kw>
<kw name="Catenate" library="BuiltIn">
<var>${ELEMENT_INDEX_1}</var>
<arg>(${text_result_price})[${INDEX}]</arg>
<doc>Catenates the given items together and returns the resulted string.</doc>
<msg timestamp="20210926 21:53:44.561" level="INFO">${ELEMENT_INDEX_1} = (//p[@data-testid='price-final'])[4]</msg>
<status status="PASS" starttime="20210926 21:53:44.561" endtime="20210926 21:53:44.561"/>
</kw>
<kw name="Get Text" library="SeleniumLibrary">
<var>${TEXT_1}</var>
<arg>${ELEMENT_INDEX_1}</arg>
<doc>Returns the text value of the element identified by ``locator``.</doc>
<msg timestamp="20210926 21:53:44.983" level="INFO">${TEXT_1} = Rp 200.000</msg>
<status status="PASS" starttime="20210926 21:53:44.561" endtime="20210926 21:53:44.984"/>
</kw>
<kw name="Remove String" library="String">
<var>${TEXT_1}</var>
<arg>${TEXT_1}</arg>
<arg>Rp</arg>
<arg>.</arg>
<arg>,</arg>
<arg>${SPACE}</arg>
<doc>Removes all ``removables`` from the given ``string``.</doc>
<msg timestamp="20210926 21:53:44.985" level="INFO">${TEXT_1} = 200000</msg>
<status status="PASS" starttime="20210926 21:53:44.984" endtime="20210926 21:53:44.985"/>
</kw>
<kw name="Convert To Number" library="BuiltIn">
<var>${TEXT_1}</var>
<arg>${TEXT_1}</arg>
<doc>Converts the given item to a floating point number.</doc>
<msg timestamp="20210926 21:53:44.986" level="INFO">${TEXT_1} = 200000.0</msg>
<status status="PASS" starttime="20210926 21:53:44.985" endtime="20210926 21:53:44.986"/>
</kw>
<kw name="Catenate" library="BuiltIn">
<var>${ELEMENT_INDEX_2}</var>
<arg>(${text_result_price})[${INDEX_2}]</arg>
<doc>Catenates the given items together and returns the resulted string.</doc>
<msg timestamp="20210926 21:53:44.986" level="INFO">${ELEMENT_INDEX_2} = (//p[@data-testid='price-final'])[5]</msg>
<status status="PASS" starttime="20210926 21:53:44.986" endtime="20210926 21:53:44.986"/>
</kw>
<kw name="Get Text" library="SeleniumLibrary">
<var>${TEXT_2}</var>
<arg>${ELEMENT_INDEX_2}</arg>
<doc>Returns the text value of the element identified by ``locator``.</doc>
<msg timestamp="20210926 21:53:45.418" level="INFO">${TEXT_2} = Rp 200.000</msg>
<status status="PASS" starttime="20210926 21:53:44.987" endtime="20210926 21:53:45.419"/>
</kw>
<kw name="Get Text" library="SeleniumLibrary">
<var>${TEXT_2}</var>
<arg>${ELEMENT_INDEX_1}</arg>
<doc>Returns the text value of the element identified by ``locator``.</doc>
<msg timestamp="20210926 21:53:45.844" level="INFO">${TEXT_2} = Rp 200.000</msg>
<status status="PASS" starttime="20210926 21:53:45.419" endtime="20210926 21:53:45.844"/>
</kw>
<kw name="Remove String" library="String">
<var>${TEXT_2}</var>
<arg>${TEXT_2}</arg>
<arg>Rp</arg>
<arg>.</arg>
<arg>,</arg>
<arg>${SPACE}</arg>
<doc>Removes all ``removables`` from the given ``string``.</doc>
<msg timestamp="20210926 21:53:45.845" level="INFO">${TEXT_2} = 200000</msg>
<status status="PASS" starttime="20210926 21:53:45.845" endtime="20210926 21:53:45.845"/>
</kw>
<kw name="Convert To Number" library="BuiltIn">
<var>${TEXT_2}</var>
<arg>${TEXT_2}</arg>
<doc>Converts the given item to a floating point number.</doc>
<msg timestamp="20210926 21:53:45.846" level="INFO">${TEXT_2} = 200000.0</msg>
<status status="PASS" starttime="20210926 21:53:45.845" endtime="20210926 21:53:45.846"/>
</kw>
<kw name="Should Be True" library="BuiltIn">
<arg>${TEXT_1} &gt;= ${TEXT_2}</arg>
<doc>Fails if the given condition is not true.</doc>
<status status="PASS" starttime="20210926 21:53:45.846" endtime="20210926 21:53:45.847"/>
</kw>
<kw name="Evaluate" library="BuiltIn">
<var>${INDEX}</var>
<arg>${INDEX} + 1</arg>
<doc>Evaluates the given expression in Python and returns the result.</doc>
<msg timestamp="20210926 21:53:45.848" level="INFO">${INDEX} = 5</msg>
<status status="PASS" starttime="20210926 21:53:45.847" endtime="20210926 21:53:45.848"/>
</kw>
<kw name="Evaluate" library="BuiltIn">
<var>${INDEX_2}</var>
<arg>${INDEX_2} + 1</arg>
<doc>Evaluates the given expression in Python and returns the result.</doc>
<msg timestamp="20210926 21:53:45.848" level="INFO">${INDEX_2} = 6</msg>
<status status="PASS" starttime="20210926 21:53:45.848" endtime="20210926 21:53:45.848"/>
</kw>
<status status="PASS" starttime="20210926 21:53:44.560" endtime="20210926 21:53:45.848"/>
</iter>
<iter>
<var name="${ELEMENT}">4</var>
<kw name="Log" library="BuiltIn">
<arg>${ELEMENT}</arg>
<doc>Logs the given message with the given level.</doc>
<msg timestamp="20210926 21:53:45.849" level="INFO">4</msg>
<status status="PASS" starttime="20210926 21:53:45.848" endtime="20210926 21:53:45.849"/>
</kw>
<kw name="Catenate" library="BuiltIn">
<var>${ELEMENT_INDEX_1}</var>
<arg>(${text_result_price})[${INDEX}]</arg>
<doc>Catenates the given items together and returns the resulted string.</doc>
<msg timestamp="20210926 21:53:45.849" level="INFO">${ELEMENT_INDEX_1} = (//p[@data-testid='price-final'])[5]</msg>
<status status="PASS" starttime="20210926 21:53:45.849" endtime="20210926 21:53:45.849"/>
</kw>
<kw name="Get Text" library="SeleniumLibrary">
<var>${TEXT_1}</var>
<arg>${ELEMENT_INDEX_1}</arg>
<doc>Returns the text value of the element identified by ``locator``.</doc>
<msg timestamp="20210926 21:53:46.273" level="INFO">${TEXT_1} = Rp 200.000</msg>
<status status="PASS" starttime="20210926 21:53:45.849" endtime="20210926 21:53:46.273"/>
</kw>
<kw name="Remove String" library="String">
<var>${TEXT_1}</var>
<arg>${TEXT_1}</arg>
<arg>Rp</arg>
<arg>.</arg>
<arg>,</arg>
<arg>${SPACE}</arg>
<doc>Removes all ``removables`` from the given ``string``.</doc>
<msg timestamp="20210926 21:53:46.274" level="INFO">${TEXT_1} = 200000</msg>
<status status="PASS" starttime="20210926 21:53:46.273" endtime="20210926 21:53:46.274"/>
</kw>
<kw name="Convert To Number" library="BuiltIn">
<var>${TEXT_1}</var>
<arg>${TEXT_1}</arg>
<doc>Converts the given item to a floating point number.</doc>
<msg timestamp="20210926 21:53:46.275" level="INFO">${TEXT_1} = 200000.0</msg>
<status status="PASS" starttime="20210926 21:53:46.274" endtime="20210926 21:53:46.275"/>
</kw>
<kw name="Catenate" library="BuiltIn">
<var>${ELEMENT_INDEX_2}</var>
<arg>(${text_result_price})[${INDEX_2}]</arg>
<doc>Catenates the given items together and returns the resulted string.</doc>
<msg timestamp="20210926 21:53:46.276" level="INFO">${ELEMENT_INDEX_2} = (//p[@data-testid='price-final'])[6]</msg>
<status status="PASS" starttime="20210926 21:53:46.275" endtime="20210926 21:53:46.276"/>
</kw>
<kw name="Get Text" library="SeleniumLibrary">
<var>${TEXT_2}</var>
<arg>${ELEMENT_INDEX_2}</arg>
<doc>Returns the text value of the element identified by ``locator``.</doc>
<msg timestamp="20210926 21:53:46.710" level="INFO">${TEXT_2} = Rp 92.000</msg>
<status status="PASS" starttime="20210926 21:53:46.276" endtime="20210926 21:53:46.710"/>
</kw>
<kw name="Get Text" library="SeleniumLibrary">
<var>${TEXT_2}</var>
<arg>${ELEMENT_INDEX_1}</arg>
<doc>Returns the text value of the element identified by ``locator``.</doc>
<msg timestamp="20210926 21:53:47.136" level="INFO">${TEXT_2} = Rp 200.000</msg>
<status status="PASS" starttime="20210926 21:53:46.711" endtime="20210926 21:53:47.137"/>
</kw>
<kw name="Remove String" library="String">
<var>${TEXT_2}</var>
<arg>${TEXT_2}</arg>
<arg>Rp</arg>
<arg>.</arg>
<arg>,</arg>
<arg>${SPACE}</arg>
<doc>Removes all ``removables`` from the given ``string``.</doc>
<msg timestamp="20210926 21:53:47.137" level="INFO">${TEXT_2} = 200000</msg>
<status status="PASS" starttime="20210926 21:53:47.137" endtime="20210926 21:53:47.137"/>
</kw>
<kw name="Convert To Number" library="BuiltIn">
<var>${TEXT_2}</var>
<arg>${TEXT_2}</arg>
<doc>Converts the given item to a floating point number.</doc>
<msg timestamp="20210926 21:53:47.138" level="INFO">${TEXT_2} = 200000.0</msg>
<status status="PASS" starttime="20210926 21:53:47.138" endtime="20210926 21:53:47.138"/>
</kw>
<kw name="Should Be True" library="BuiltIn">
<arg>${TEXT_1} &gt;= ${TEXT_2}</arg>
<doc>Fails if the given condition is not true.</doc>
<status status="PASS" starttime="20210926 21:53:47.138" endtime="20210926 21:53:47.139"/>
</kw>
<kw name="Evaluate" library="BuiltIn">
<var>${INDEX}</var>
<arg>${INDEX} + 1</arg>
<doc>Evaluates the given expression in Python and returns the result.</doc>
<msg timestamp="20210926 21:53:47.139" level="INFO">${INDEX} = 6</msg>
<status status="PASS" starttime="20210926 21:53:47.139" endtime="20210926 21:53:47.140"/>
</kw>
<kw name="Evaluate" library="BuiltIn">
<var>${INDEX_2}</var>
<arg>${INDEX_2} + 1</arg>
<doc>Evaluates the given expression in Python and returns the result.</doc>
<msg timestamp="20210926 21:53:47.140" level="INFO">${INDEX_2} = 7</msg>
<status status="PASS" starttime="20210926 21:53:47.140" endtime="20210926 21:53:47.140"/>
</kw>
<status status="PASS" starttime="20210926 21:53:45.848" endtime="20210926 21:53:47.140"/>
</iter>
<status status="PASS" starttime="20210926 21:53:40.685" endtime="20210926 21:53:47.140"/>
</for>
<status status="PASS" starttime="20210926 21:53:39.630" endtime="20210926 21:53:47.141"/>
</kw>
<kw name="End Testing" library="CommonKeywords" type="TEARDOWN">
<kw name="Close All Browsers" library="SeleniumLibrary">
<doc>Closes all open browsers and resets the browser cache.</doc>
<msg timestamp="20210926 21:54:04.396" level="ERROR">When closing browser, received exception: Execution terminated by signal</msg>
<kw name="Capture Page Screenshot" library="SeleniumLibrary">
<doc>Takes a screenshot of the current page and embeds it into a log file.</doc>
<msg timestamp="20210926 21:54:04.397" level="INFO">Cannot capture screenshot because no browser is open.</msg>
<status status="PASS" starttime="20210926 21:54:04.397" endtime="20210926 21:54:04.397"/>
</kw>
<status status="FAIL" starttime="20210926 21:53:47.141" endtime="20210926 21:54:04.397"/>
</kw>
<status status="FAIL" starttime="20210926 21:53:47.141" endtime="20210926 21:54:04.399">Execution terminated by signal</status>
</kw>
<doc>Search With Input Keyword and Sort by Most Expensive Price</doc>
<tag>Regression</tag>
<tag>Smoke</tag>
<timeout value="4 minutes"/>
<status status="FAIL" starttime="20210926 21:53:01.050" endtime="20210926 21:54:04.399">Teardown failed:
Execution terminated by signal</status>
</test>
<status status="FAIL" starttime="20210926 21:53:00.744" endtime="20210926 21:54:04.401"/>
</suite>
<statistics>
<total>
<stat pass="0" fail="1" skip="0">All Tests</stat>
</total>
<tag>
<stat pass="0" fail="1" skip="0">Regression</stat>
<stat pass="0" fail="1" skip="0">Smoke</stat>
</tag>
<suite>
<stat pass="0" fail="1" skip="0" id="s1" name="SearchSkillAcademy">SearchSkillAcademy</stat>
</suite>
</statistics>
<errors>
<msg timestamp="20210926 21:54:04.396" level="ERROR">When closing browser, received exception: Execution terminated by signal</msg>
</errors>
</robot>
