<?xml version="1.0" encoding="UTF-8"?>
<robot generator="Robot 4.0 (Python 3.8.6 on darwin)" generated="20210926 20:13:39.547" rpa="false" schemaversion="2">
<suite id="s1" name="SearchSkillAcademy" source="/Users/regisaputra/rsaputra/exercise/ruangguru-web-test/Tests/SearchSkillAcademy.robot">
<test id="s1-t1" name="TC001 Search With Input Keyword">
<kw name="Start Testing" library="CommonKeywords" type="SETUP">
<arg>${URL}</arg>
<kw name="Open Web" library="CommonKeywords">
<arg>${URL}</arg>
<kw name="Convert To Lower Case" library="String">
<var>${BROWSER}</var>
<arg>${BROWSER}</arg>
<doc>Converts string to lower case.</doc>
<msg timestamp="20210926 20:14:07.897" level="INFO">${BROWSER} = chrome</msg>
<status status="PASS" starttime="20210926 20:14:07.896" endtime="20210926 20:14:07.897"/>
</kw>
<kw name="Open Normal Browser" library="Browser">
<arg>${URL}</arg>
<kw name="Open Browser" library="SeleniumLibrary">
<arg>${URL_BLANK}</arg>
<arg>${BROWSER}</arg>
<doc>Opens a new browser instance to the optional ``url``.</doc>
<msg timestamp="20210926 20:14:07.898" level="INFO">Opening browser 'chrome' to base url 'about:blank'.</msg>
<status status="PASS" starttime="20210926 20:14:07.897" endtime="20210926 20:14:29.416"/>
</kw>
<kw name="Maximize Browser Window" library="SeleniumLibrary">
<doc>Maximizes current browser window.</doc>
<status status="PASS" starttime="20210926 20:14:29.416" endtime="20210926 20:14:29.671"/>
</kw>
<kw name="Go To" library="SeleniumLibrary">
<arg>${URL}</arg>
<doc>Navigates the current browser window to the provided ``url``.</doc>
<msg timestamp="20210926 20:14:29.672" level="INFO">Opening url 'https://skillacademy.com/'</msg>
<status status="PASS" starttime="20210926 20:14:29.671" endtime="20210926 20:14:36.526"/>
</kw>
<status status="PASS" starttime="20210926 20:14:07.897" endtime="20210926 20:14:36.527"/>
</kw>
<status status="PASS" starttime="20210926 20:14:07.896" endtime="20210926 20:14:36.527"/>
</kw>
<kw name="Set Selenium Timeout" library="SeleniumLibrary">
<arg>${DEFAULT_TIMEOUT}</arg>
<doc>Sets the timeout that is used by various keywords.</doc>
<status status="PASS" starttime="20210926 20:14:36.527" endtime="20210926 20:14:36.533"/>
</kw>
<kw name="Set Selenium Speed" library="SeleniumLibrary">
<arg>${DELAY}</arg>
<doc>Sets the delay that is waited after each Selenium command.</doc>
<status status="PASS" starttime="20210926 20:14:36.533" endtime="20210926 20:14:36.534"/>
</kw>
<status status="PASS" starttime="20210926 20:14:07.895" endtime="20210926 20:14:36.534"/>
</kw>
<kw name="Verify Homepage Opened" library="Homepage">
<kw name="Wait Until Element Is Visible" library="SeleniumLibrary">
<arg>${field_img_logo_skill_academy}</arg>
<doc>Waits until the element ``locator`` is visible.</doc>
<status status="PASS" starttime="20210926 20:14:36.535" endtime="20210926 20:14:37.015"/>
</kw>
<kw name="Element Should Be Visible" library="SeleniumLibrary">
<arg>${field_img_logo_skill_academy}</arg>
<doc>Verifies that the element identified by ``locator`` is visible.</doc>
<msg timestamp="20210926 20:14:37.452" level="INFO">Element 'css=img[alt='Skill Academy Logo']' is displayed.</msg>
<status status="PASS" starttime="20210926 20:14:37.017" endtime="20210926 20:14:37.452"/>
</kw>
<kw name="Wait Until Element Is Visible" library="SeleniumLibrary">
<arg>${button_menu_for_enterprise}</arg>
<doc>Waits until the element ``locator`` is visible.</doc>
<status status="PASS" starttime="20210926 20:14:37.453" endtime="20210926 20:14:37.895"/>
</kw>
<kw name="Element Should Be Visible" library="SeleniumLibrary">
<arg>${button_menu_for_enterprise}</arg>
<doc>Verifies that the element identified by ``locator`` is visible.</doc>
<msg timestamp="20210926 20:14:38.373" level="INFO">Element 'xpath=//a[@data-testid='header-enterprise-skillacademy-button']/p' is displayed.</msg>
<status status="PASS" starttime="20210926 20:14:37.895" endtime="20210926 20:14:38.373"/>
</kw>
<kw name="Wait Until Element Is Visible" library="SeleniumLibrary">
<arg>${button_menu_kelas_pekerja}</arg>
<doc>Waits until the element ``locator`` is visible.</doc>
<status status="PASS" starttime="20210926 20:14:38.373" endtime="20210926 20:14:38.802"/>
</kw>
<kw name="Element Should Be Visible" library="SeleniumLibrary">
<arg>${button_menu_kelas_pekerja}</arg>
<doc>Verifies that the element identified by ``locator`` is visible.</doc>
<msg timestamp="20210926 20:14:39.227" level="INFO">Element 'xpath=//a[@href='/prakerja']/p' is displayed.</msg>
<status status="PASS" starttime="20210926 20:14:38.802" endtime="20210926 20:14:39.228"/>
</kw>
<kw name="Wait Until Element Is Visible" library="SeleniumLibrary">
<arg>${button_menu_dropdown_kategori}</arg>
<doc>Waits until the element ``locator`` is visible.</doc>
<status status="PASS" starttime="20210926 20:14:39.228" endtime="20210926 20:14:39.711"/>
</kw>
<kw name="Element Should Be Visible" library="SeleniumLibrary">
<arg>${button_menu_dropdown_kategori}</arg>
<doc>Verifies that the element identified by ``locator`` is visible.</doc>
<msg timestamp="20210926 20:14:40.141" level="INFO">Element 'xpath=//div[@data-testid='dropdown-category']/p' is displayed.</msg>
<status status="PASS" starttime="20210926 20:14:39.711" endtime="20210926 20:14:40.141"/>
</kw>
<kw name="Wait Until Element Is Visible" library="SeleniumLibrary">
<arg>${button_menu_tambah_uang_saku}</arg>
<doc>Waits until the element ``locator`` is visible.</doc>
<status status="PASS" starttime="20210926 20:14:40.141" endtime="20210926 20:14:40.572"/>
</kw>
<kw name="Element Should Be Visible" library="SeleniumLibrary">
<arg>${button_menu_tambah_uang_saku}</arg>
<doc>Verifies that the element identified by ``locator`` is visible.</doc>
<msg timestamp="20210926 20:14:40.999" level="INFO">Element 'xpath=//a[@href='/referral/detail?scrollTo=&amp;activeTab=']/p' is displayed.</msg>
<status status="PASS" starttime="20210926 20:14:40.573" endtime="20210926 20:14:40.999"/>
</kw>
<kw name="Wait Until Element Is Visible" library="SeleniumLibrary">
<arg>${field_input_search}</arg>
<doc>Waits until the element ``locator`` is visible.</doc>
<status status="PASS" starttime="20210926 20:14:41.000" endtime="20210926 20:14:41.439"/>
</kw>
<kw name="Element Should Be Visible" library="SeleniumLibrary">
<arg>${field_input_search}</arg>
<doc>Verifies that the element identified by ``locator`` is visible.</doc>
<msg timestamp="20210926 20:14:41.866" level="INFO">Element 'xpath=//input[@data-testid='search-input-field']' is displayed.</msg>
<status status="PASS" starttime="20210926 20:14:41.439" endtime="20210926 20:14:41.866"/>
</kw>
<kw name="Wait Until Element Is Visible" library="SeleniumLibrary">
<arg>${field_img_banner_home}</arg>
<doc>Waits until the element ``locator`` is visible.</doc>
<status status="PASS" starttime="20210926 20:14:41.866" endtime="20210926 20:14:42.300"/>
</kw>
<kw name="Element Should Be Visible" library="SeleniumLibrary">
<arg>${field_img_banner_home}</arg>
<doc>Verifies that the element identified by ``locator`` is visible.</doc>
<msg timestamp="20210926 20:14:42.724" level="INFO">Element 'css=img[alt='Home Banner Large']' is displayed.</msg>
<status status="PASS" starttime="20210926 20:14:42.300" endtime="20210926 20:14:42.724"/>
</kw>
<status status="PASS" starttime="20210926 20:14:36.535" endtime="20210926 20:14:42.724"/>
</kw>
<kw name="Input 'keyword' in field search" library="Homepage">
<arg>java</arg>
<kw name="Wait Until Element Is Visible" library="SeleniumLibrary">
<arg>${field_input_search}</arg>
<doc>Waits until the element ``locator`` is visible.</doc>
<status status="PASS" starttime="20210926 20:14:42.725" endtime="20210926 20:14:43.154"/>
</kw>
<kw name="Input Text" library="SeleniumLibrary">
<arg>${field_input_search}</arg>
<arg>${TEXT_KEYWORD_SEARCH}</arg>
<doc>Types the given ``text`` into the text field identified by ``locator``.</doc>
<msg timestamp="20210926 20:14:43.155" level="INFO">Typing text 'java' into text field 'xpath=//input[@data-testid='search-input-field']'.</msg>
<status status="PASS" starttime="20210926 20:14:43.154" endtime="20210926 20:14:43.924"/>
</kw>
<status status="PASS" starttime="20210926 20:14:42.725" endtime="20210926 20:14:43.925"/>
</kw>
<kw name="Click search icon" library="Homepage">
<kw name="Wait Until Element Is Visible" library="SeleniumLibrary">
<arg>${field_img_icon_search}</arg>
<doc>Waits until the element ``locator`` is visible.</doc>
<status status="PASS" starttime="20210926 20:14:43.926" endtime="20210926 20:14:44.359"/>
</kw>
<kw name="Click Element" library="SeleniumLibrary">
<arg>${field_img_icon_search}</arg>
<doc>Click the element identified by ``locator``.</doc>
<msg timestamp="20210926 20:14:44.360" level="INFO">Clicking element 'xpath=//div[@data-testid='search-icon']'.</msg>
<status status="PASS" starttime="20210926 20:14:44.360" endtime="20210926 20:14:44.973"/>
</kw>
<status status="PASS" starttime="20210926 20:14:43.925" endtime="20210926 20:14:44.973"/>
</kw>
<kw name="Validate search result" library="Searchpage">
<kw name="Wait Until Element Is Visible" library="SeleniumLibrary">
<arg>${text_total_result}</arg>
<doc>Waits until the element ``locator`` is visible.</doc>
<status status="PASS" starttime="20210926 20:14:44.974" endtime="20210926 20:14:46.135"/>
</kw>
<kw name="Element Should Be Visible" library="SeleniumLibrary">
<arg>${text_total_result}</arg>
<doc>Verifies that the element identified by ``locator`` is visible.</doc>
<msg timestamp="20210926 20:14:46.709" level="INFO">Element 'css=[data-testid='total-result']' is displayed.</msg>
<status status="PASS" starttime="20210926 20:14:46.135" endtime="20210926 20:14:46.709"/>
</kw>
<kw name="Wait Until Element Is Visible" library="SeleniumLibrary">
<arg>${field_filter_by_harga}</arg>
<doc>Waits until the element ``locator`` is visible.</doc>
<status status="PASS" starttime="20210926 20:14:46.710" endtime="20210926 20:14:47.138"/>
</kw>
<kw name="Element Should Be Visible" library="SeleniumLibrary">
<arg>${field_filter_by_harga}</arg>
<doc>Verifies that the element identified by ``locator`` is visible.</doc>
<msg timestamp="20210926 20:14:47.573" level="INFO">Element 'xpath=(//div[@data-testid='dropdown-container']//div[.='Harga'])[1]' is displayed.</msg>
<status status="PASS" starttime="20210926 20:14:47.138" endtime="20210926 20:14:47.573"/>
</kw>
<kw name="Wait Until Element Is Visible" library="SeleniumLibrary">
<arg>${field_filter_by_durasi}</arg>
<doc>Waits until the element ``locator`` is visible.</doc>
<status status="PASS" starttime="20210926 20:14:47.573" endtime="20210926 20:14:48.005"/>
</kw>
<kw name="Element Should Be Visible" library="SeleniumLibrary">
<arg>${field_filter_by_durasi}</arg>
<doc>Verifies that the element identified by ``locator`` is visible.</doc>
<msg timestamp="20210926 20:14:48.432" level="INFO">Element 'xpath=(//div[@data-testid='dropdown-container']//div[.='Durasi'])[1]' is displayed.</msg>
<status status="PASS" starttime="20210926 20:14:48.005" endtime="20210926 20:14:48.432"/>
</kw>
<kw name="Wait Until Element Is Visible" library="SeleniumLibrary">
<arg>${field_sort_by}</arg>
<doc>Waits until the element ``locator`` is visible.</doc>
<status status="PASS" starttime="20210926 20:14:48.433" endtime="20210926 20:14:48.864"/>
</kw>
<kw name="Element Should Be Visible" library="SeleniumLibrary">
<arg>${field_sort_by}</arg>
<doc>Verifies that the element identified by ``locator`` is visible.</doc>
<msg timestamp="20210926 20:14:49.294" level="INFO">Element 'xpath=(//div[@data-testid='dropdown-container']//div[.='Pilih'])[1]' is displayed.</msg>
<status status="PASS" starttime="20210926 20:14:48.864" endtime="20210926 20:14:49.294"/>
</kw>
<status status="PASS" starttime="20210926 20:14:44.974" endtime="20210926 20:14:49.295"/>
</kw>
<kw name="End Testing" library="CommonKeywords" type="TEARDOWN">
<kw name="Close All Browsers" library="SeleniumLibrary">
<doc>Closes all open browsers and resets the browser cache.</doc>
<status status="PASS" starttime="20210926 20:14:49.297" endtime="20210926 20:14:49.598"/>
</kw>
<status status="PASS" starttime="20210926 20:14:49.296" endtime="20210926 20:14:49.598"/>
</kw>
<doc>Search With Input Keyword</doc>
<tag>Regression</tag>
<tag>Smoke</tag>
<timeout value="4 minutes"/>
<status status="PASS" starttime="20210926 20:14:07.894" endtime="20210926 20:14:49.599"/>
</test>
<test id="s1-t2" name="TC002 Search With Result Not Found">
<kw name="Start Testing" library="CommonKeywords" type="SETUP">
<arg>${URL}</arg>
<kw name="Open Web" library="CommonKeywords">
<arg>${URL}</arg>
<kw name="Convert To Lower Case" library="String">
<var>${BROWSER}</var>
<arg>${BROWSER}</arg>
<doc>Converts string to lower case.</doc>
<msg timestamp="20210926 20:14:49.603" level="INFO">${BROWSER} = chrome</msg>
<status status="PASS" starttime="20210926 20:14:49.603" endtime="20210926 20:14:49.603"/>
</kw>
<kw name="Open Normal Browser" library="Browser">
<arg>${URL}</arg>
<kw name="Open Browser" library="SeleniumLibrary">
<arg>${URL_BLANK}</arg>
<arg>${BROWSER}</arg>
<doc>Opens a new browser instance to the optional ``url``.</doc>
<msg timestamp="20210926 20:14:49.605" level="INFO">Opening browser 'chrome' to base url 'about:blank'.</msg>
<status status="PASS" starttime="20210926 20:14:49.604" endtime="20210926 20:15:05.020"/>
</kw>
<kw name="Maximize Browser Window" library="SeleniumLibrary">
<doc>Maximizes current browser window.</doc>
<status status="PASS" starttime="20210926 20:15:05.020" endtime="20210926 20:15:11.433"/>
</kw>
<kw name="Go To" library="SeleniumLibrary">
<arg>${URL}</arg>
<doc>Navigates the current browser window to the provided ``url``.</doc>
<msg timestamp="20210926 20:15:11.434" level="INFO">Opening url 'https://skillacademy.com/'</msg>
<status status="PASS" starttime="20210926 20:15:11.433" endtime="20210926 20:15:17.765"/>
</kw>
<status status="PASS" starttime="20210926 20:14:49.604" endtime="20210926 20:15:17.765"/>
</kw>
<status status="PASS" starttime="20210926 20:14:49.602" endtime="20210926 20:15:17.765"/>
</kw>
<kw name="Set Selenium Timeout" library="SeleniumLibrary">
<arg>${DEFAULT_TIMEOUT}</arg>
<doc>Sets the timeout that is used by various keywords.</doc>
<status status="PASS" starttime="20210926 20:15:17.766" endtime="20210926 20:15:17.968"/>
</kw>
<kw name="Set Selenium Speed" library="SeleniumLibrary">
<arg>${DELAY}</arg>
<doc>Sets the delay that is waited after each Selenium command.</doc>
<status status="PASS" starttime="20210926 20:15:17.968" endtime="20210926 20:15:17.969"/>
</kw>
<status status="PASS" starttime="20210926 20:14:49.601" endtime="20210926 20:15:17.970"/>
</kw>
<kw name="Verify Homepage Opened" library="Homepage">
<kw name="Wait Until Element Is Visible" library="SeleniumLibrary">
<arg>${field_img_logo_skill_academy}</arg>
<doc>Waits until the element ``locator`` is visible.</doc>
<status status="PASS" starttime="20210926 20:15:17.971" endtime="20210926 20:15:18.421"/>
</kw>
<kw name="Element Should Be Visible" library="SeleniumLibrary">
<arg>${field_img_logo_skill_academy}</arg>
<doc>Verifies that the element identified by ``locator`` is visible.</doc>
<msg timestamp="20210926 20:15:18.850" level="INFO">Element 'css=img[alt='Skill Academy Logo']' is displayed.</msg>
<status status="PASS" starttime="20210926 20:15:18.421" endtime="20210926 20:15:18.850"/>
</kw>
<kw name="Wait Until Element Is Visible" library="SeleniumLibrary">
<arg>${button_menu_for_enterprise}</arg>
<doc>Waits until the element ``locator`` is visible.</doc>
<status status="PASS" starttime="20210926 20:15:18.850" endtime="20210926 20:15:19.279"/>
</kw>
<kw name="Element Should Be Visible" library="SeleniumLibrary">
<arg>${button_menu_for_enterprise}</arg>
<doc>Verifies that the element identified by ``locator`` is visible.</doc>
<msg timestamp="20210926 20:15:19.710" level="INFO">Element 'xpath=//a[@data-testid='header-enterprise-skillacademy-button']/p' is displayed.</msg>
<status status="PASS" starttime="20210926 20:15:19.280" endtime="20210926 20:15:19.710"/>
</kw>
<kw name="Wait Until Element Is Visible" library="SeleniumLibrary">
<arg>${button_menu_kelas_pekerja}</arg>
<doc>Waits until the element ``locator`` is visible.</doc>
<status status="PASS" starttime="20210926 20:15:19.711" endtime="20210926 20:15:20.150"/>
</kw>
<kw name="Element Should Be Visible" library="SeleniumLibrary">
<arg>${button_menu_kelas_pekerja}</arg>
<doc>Verifies that the element identified by ``locator`` is visible.</doc>
<msg timestamp="20210926 20:15:20.578" level="INFO">Element 'xpath=//a[@href='/prakerja']/p' is displayed.</msg>
<status status="PASS" starttime="20210926 20:15:20.151" endtime="20210926 20:15:20.579"/>
</kw>
<kw name="Wait Until Element Is Visible" library="SeleniumLibrary">
<arg>${button_menu_dropdown_kategori}</arg>
<doc>Waits until the element ``locator`` is visible.</doc>
<status status="PASS" starttime="20210926 20:15:20.579" endtime="20210926 20:15:21.024"/>
</kw>
<kw name="Element Should Be Visible" library="SeleniumLibrary">
<arg>${button_menu_dropdown_kategori}</arg>
<doc>Verifies that the element identified by ``locator`` is visible.</doc>
<msg timestamp="20210926 20:15:21.455" level="INFO">Element 'xpath=//div[@data-testid='dropdown-category']/p' is displayed.</msg>
<status status="PASS" starttime="20210926 20:15:21.024" endtime="20210926 20:15:21.455"/>
</kw>
<kw name="Wait Until Element Is Visible" library="SeleniumLibrary">
<arg>${button_menu_tambah_uang_saku}</arg>
<doc>Waits until the element ``locator`` is visible.</doc>
<status status="PASS" starttime="20210926 20:15:21.455" endtime="20210926 20:15:21.889"/>
</kw>
<kw name="Element Should Be Visible" library="SeleniumLibrary">
<arg>${button_menu_tambah_uang_saku}</arg>
<doc>Verifies that the element identified by ``locator`` is visible.</doc>
<msg timestamp="20210926 20:15:22.320" level="INFO">Element 'xpath=//a[@href='/referral/detail?scrollTo=&amp;activeTab=']/p' is displayed.</msg>
<status status="PASS" starttime="20210926 20:15:21.890" endtime="20210926 20:15:22.320"/>
</kw>
<kw name="Wait Until Element Is Visible" library="SeleniumLibrary">
<arg>${field_input_search}</arg>
<doc>Waits until the element ``locator`` is visible.</doc>
<status status="PASS" starttime="20210926 20:15:22.320" endtime="20210926 20:15:22.757"/>
</kw>
<kw name="Element Should Be Visible" library="SeleniumLibrary">
<arg>${field_input_search}</arg>
<doc>Verifies that the element identified by ``locator`` is visible.</doc>
<msg timestamp="20210926 20:15:23.186" level="INFO">Element 'xpath=//input[@data-testid='search-input-field']' is displayed.</msg>
<status status="PASS" starttime="20210926 20:15:22.757" endtime="20210926 20:15:23.186"/>
</kw>
<kw name="Wait Until Element Is Visible" library="SeleniumLibrary">
<arg>${field_img_banner_home}</arg>
<doc>Waits until the element ``locator`` is visible.</doc>
<status status="PASS" starttime="20210926 20:15:23.186" endtime="20210926 20:15:23.617"/>
</kw>
<kw name="Element Should Be Visible" library="SeleniumLibrary">
<arg>${field_img_banner_home}</arg>
<doc>Verifies that the element identified by ``locator`` is visible.</doc>
<msg timestamp="20210926 20:15:24.043" level="INFO">Element 'css=img[alt='Home Banner Large']' is displayed.</msg>
<status status="PASS" starttime="20210926 20:15:23.618" endtime="20210926 20:15:24.043"/>
</kw>
<status status="PASS" starttime="20210926 20:15:17.971" endtime="20210926 20:15:24.044"/>
</kw>
<kw name="Input 'keyword' in field search" library="Homepage">
<arg>asd</arg>
<kw name="Wait Until Element Is Visible" library="SeleniumLibrary">
<arg>${field_input_search}</arg>
<doc>Waits until the element ``locator`` is visible.</doc>
<status status="PASS" starttime="20210926 20:15:24.045" endtime="20210926 20:15:24.474"/>
</kw>
<kw name="Input Text" library="SeleniumLibrary">
<arg>${field_input_search}</arg>
<arg>${TEXT_KEYWORD_SEARCH}</arg>
<doc>Types the given ``text`` into the text field identified by ``locator``.</doc>
<msg timestamp="20210926 20:15:24.475" level="INFO">Typing text 'asd' into text field 'xpath=//input[@data-testid='search-input-field']'.</msg>
<status status="PASS" starttime="20210926 20:15:24.474" endtime="20210926 20:15:25.239"/>
</kw>
<status status="PASS" starttime="20210926 20:15:24.044" endtime="20210926 20:15:25.240"/>
</kw>
<kw name="Click search icon" library="Homepage">
<kw name="Wait Until Element Is Visible" library="SeleniumLibrary">
<arg>${field_img_icon_search}</arg>
<doc>Waits until the element ``locator`` is visible.</doc>
<status status="PASS" starttime="20210926 20:15:25.241" endtime="20210926 20:15:25.674"/>
</kw>
<kw name="Click Element" library="SeleniumLibrary">
<arg>${field_img_icon_search}</arg>
<doc>Click the element identified by ``locator``.</doc>
<msg timestamp="20210926 20:15:25.675" level="INFO">Clicking element 'xpath=//div[@data-testid='search-icon']'.</msg>
<status status="PASS" starttime="20210926 20:15:25.675" endtime="20210926 20:15:26.235"/>
</kw>
<status status="PASS" starttime="20210926 20:15:25.241" endtime="20210926 20:15:26.236"/>
</kw>
<kw name="Validate search result not found" library="Searchpage">
<kw name="Wait Until Element Is Visible" library="SeleniumLibrary">
<arg>${field_empty_result}</arg>
<doc>Waits until the element ``locator`` is visible.</doc>
<status status="PASS" starttime="20210926 20:15:26.237" endtime="20210926 20:15:27.157"/>
</kw>
<kw name="Element Should Be Visible" library="SeleniumLibrary">
<arg>${field_empty_result}</arg>
<doc>Verifies that the element identified by ``locator`` is visible.</doc>
<msg timestamp="20210926 20:15:27.613" level="INFO">Element 'xpath=//div[@data-testid='empty-result-card']' is displayed.</msg>
<status status="PASS" starttime="20210926 20:15:27.157" endtime="20210926 20:15:27.613"/>
</kw>
<kw name="Sleep" library="BuiltIn">
<arg>5</arg>
<doc>Pauses the test executed for the given time.</doc>
<msg timestamp="20210926 20:15:32.615" level="INFO">Slept 5 seconds</msg>
<status status="PASS" starttime="20210926 20:15:27.614" endtime="20210926 20:15:32.615"/>
</kw>
<status status="PASS" starttime="20210926 20:15:26.236" endtime="20210926 20:15:32.615"/>
</kw>
<kw name="End Testing" library="CommonKeywords" type="TEARDOWN">
<kw name="Close All Browsers" library="SeleniumLibrary">
<doc>Closes all open browsers and resets the browser cache.</doc>
<status status="PASS" starttime="20210926 20:15:32.617" endtime="20210926 20:15:32.887"/>
</kw>
<status status="PASS" starttime="20210926 20:15:32.616" endtime="20210926 20:15:32.887"/>
</kw>
<doc>Search With Result Not Found</doc>
<tag>Regression</tag>
<tag>Smoke</tag>
<timeout value="4 minutes"/>
<status status="PASS" starttime="20210926 20:14:49.600" endtime="20210926 20:15:32.888"/>
</test>
<test id="s1-t3" name="TC003 Search With Input Keyword and Filter by Price">
<kw name="Start Testing" library="CommonKeywords" type="SETUP">
<arg>${URL}</arg>
<kw name="Open Web" library="CommonKeywords">
<arg>${URL}</arg>
<kw name="Convert To Lower Case" library="String">
<var>${BROWSER}</var>
<arg>${BROWSER}</arg>
<doc>Converts string to lower case.</doc>
<msg timestamp="20210926 20:15:32.894" level="INFO">${BROWSER} = chrome</msg>
<status status="PASS" starttime="20210926 20:15:32.893" endtime="20210926 20:15:32.894"/>
</kw>
<kw name="Open Normal Browser" library="Browser">
<arg>${URL}</arg>
<kw name="Open Browser" library="SeleniumLibrary">
<arg>${URL_BLANK}</arg>
<arg>${BROWSER}</arg>
<doc>Opens a new browser instance to the optional ``url``.</doc>
<msg timestamp="20210926 20:15:32.895" level="INFO">Opening browser 'chrome' to base url 'about:blank'.</msg>
<status status="PASS" starttime="20210926 20:15:32.894" endtime="20210926 20:15:48.421"/>
</kw>
<kw name="Maximize Browser Window" library="SeleniumLibrary">
<doc>Maximizes current browser window.</doc>
<status status="PASS" starttime="20210926 20:15:48.422" endtime="20210926 20:15:54.391"/>
</kw>
<kw name="Go To" library="SeleniumLibrary">
<arg>${URL}</arg>
<doc>Navigates the current browser window to the provided ``url``.</doc>
<msg timestamp="20210926 20:15:54.395" level="INFO">Opening url 'https://skillacademy.com/'</msg>
<status status="PASS" starttime="20210926 20:15:54.391" endtime="20210926 20:16:01.217"/>
</kw>
<status status="PASS" starttime="20210926 20:15:32.894" endtime="20210926 20:16:01.218"/>
</kw>
<status status="PASS" starttime="20210926 20:15:32.893" endtime="20210926 20:16:01.218"/>
</kw>
<kw name="Set Selenium Timeout" library="SeleniumLibrary">
<arg>${DEFAULT_TIMEOUT}</arg>
<doc>Sets the timeout that is used by various keywords.</doc>
<status status="PASS" starttime="20210926 20:16:01.218" endtime="20210926 20:16:01.424"/>
</kw>
<kw name="Set Selenium Speed" library="SeleniumLibrary">
<arg>${DELAY}</arg>
<doc>Sets the delay that is waited after each Selenium command.</doc>
<status status="PASS" starttime="20210926 20:16:01.425" endtime="20210926 20:16:01.425"/>
</kw>
<status status="PASS" starttime="20210926 20:15:32.892" endtime="20210926 20:16:01.426"/>
</kw>
<kw name="Verify Homepage Opened" library="Homepage">
<kw name="Wait Until Element Is Visible" library="SeleniumLibrary">
<arg>${field_img_logo_skill_academy}</arg>
<doc>Waits until the element ``locator`` is visible.</doc>
<status status="PASS" starttime="20210926 20:16:01.427" endtime="20210926 20:16:01.870"/>
</kw>
<kw name="Element Should Be Visible" library="SeleniumLibrary">
<arg>${field_img_logo_skill_academy}</arg>
<doc>Verifies that the element identified by ``locator`` is visible.</doc>
<msg timestamp="20210926 20:16:02.319" level="INFO">Element 'css=img[alt='Skill Academy Logo']' is displayed.</msg>
<status status="PASS" starttime="20210926 20:16:01.871" endtime="20210926 20:16:02.320"/>
</kw>
<kw name="Wait Until Element Is Visible" library="SeleniumLibrary">
<arg>${button_menu_for_enterprise}</arg>
<doc>Waits until the element ``locator`` is visible.</doc>
<status status="PASS" starttime="20210926 20:16:02.320" endtime="20210926 20:16:02.790"/>
</kw>
<kw name="Element Should Be Visible" library="SeleniumLibrary">
<arg>${button_menu_for_enterprise}</arg>
<doc>Verifies that the element identified by ``locator`` is visible.</doc>
<msg timestamp="20210926 20:16:03.225" level="INFO">Element 'xpath=//a[@data-testid='header-enterprise-skillacademy-button']/p' is displayed.</msg>
<status status="PASS" starttime="20210926 20:16:02.791" endtime="20210926 20:16:03.226"/>
</kw>
<kw name="Wait Until Element Is Visible" library="SeleniumLibrary">
<arg>${button_menu_kelas_pekerja}</arg>
<doc>Waits until the element ``locator`` is visible.</doc>
<status status="PASS" starttime="20210926 20:16:03.226" endtime="20210926 20:16:03.655"/>
</kw>
<kw name="Element Should Be Visible" library="SeleniumLibrary">
<arg>${button_menu_kelas_pekerja}</arg>
<doc>Verifies that the element identified by ``locator`` is visible.</doc>
<msg timestamp="20210926 20:16:04.083" level="INFO">Element 'xpath=//a[@href='/prakerja']/p' is displayed.</msg>
<status status="PASS" starttime="20210926 20:16:03.655" endtime="20210926 20:16:04.084"/>
</kw>
<kw name="Wait Until Element Is Visible" library="SeleniumLibrary">
<arg>${button_menu_dropdown_kategori}</arg>
<doc>Waits until the element ``locator`` is visible.</doc>
<status status="PASS" starttime="20210926 20:16:04.084" endtime="20210926 20:16:04.527"/>
</kw>
<kw name="Element Should Be Visible" library="SeleniumLibrary">
<arg>${button_menu_dropdown_kategori}</arg>
<doc>Verifies that the element identified by ``locator`` is visible.</doc>
<msg timestamp="20210926 20:16:04.954" level="INFO">Element 'xpath=//div[@data-testid='dropdown-category']/p' is displayed.</msg>
<status status="PASS" starttime="20210926 20:16:04.527" endtime="20210926 20:16:04.955"/>
</kw>
<kw name="Wait Until Element Is Visible" library="SeleniumLibrary">
<arg>${button_menu_tambah_uang_saku}</arg>
<doc>Waits until the element ``locator`` is visible.</doc>
<status status="PASS" starttime="20210926 20:16:04.955" endtime="20210926 20:16:05.384"/>
</kw>
<kw name="Element Should Be Visible" library="SeleniumLibrary">
<arg>${button_menu_tambah_uang_saku}</arg>
<doc>Verifies that the element identified by ``locator`` is visible.</doc>
<msg timestamp="20210926 20:16:05.820" level="INFO">Element 'xpath=//a[@href='/referral/detail?scrollTo=&amp;activeTab=']/p' is displayed.</msg>
<status status="PASS" starttime="20210926 20:16:05.384" endtime="20210926 20:16:05.820"/>
</kw>
<kw name="Wait Until Element Is Visible" library="SeleniumLibrary">
<arg>${field_input_search}</arg>
<doc>Waits until the element ``locator`` is visible.</doc>
<status status="PASS" starttime="20210926 20:16:05.820" endtime="20210926 20:16:06.250"/>
</kw>
<kw name="Element Should Be Visible" library="SeleniumLibrary">
<arg>${field_input_search}</arg>
<doc>Verifies that the element identified by ``locator`` is visible.</doc>
<msg timestamp="20210926 20:16:06.675" level="INFO">Element 'xpath=//input[@data-testid='search-input-field']' is displayed.</msg>
<status status="PASS" starttime="20210926 20:16:06.251" endtime="20210926 20:16:06.676"/>
</kw>
<kw name="Wait Until Element Is Visible" library="SeleniumLibrary">
<arg>${field_img_banner_home}</arg>
<doc>Waits until the element ``locator`` is visible.</doc>
<status status="PASS" starttime="20210926 20:16:06.676" endtime="20210926 20:16:07.105"/>
</kw>
<kw name="Element Should Be Visible" library="SeleniumLibrary">
<arg>${field_img_banner_home}</arg>
<doc>Verifies that the element identified by ``locator`` is visible.</doc>
<msg timestamp="20210926 20:16:07.530" level="INFO">Element 'css=img[alt='Home Banner Large']' is displayed.</msg>
<status status="PASS" starttime="20210926 20:16:07.105" endtime="20210926 20:16:07.530"/>
</kw>
<status status="PASS" starttime="20210926 20:16:01.426" endtime="20210926 20:16:07.531"/>
</kw>
<kw name="Input 'keyword' in field search" library="Homepage">
<arg>java</arg>
<kw name="Wait Until Element Is Visible" library="SeleniumLibrary">
<arg>${field_input_search}</arg>
<doc>Waits until the element ``locator`` is visible.</doc>
<status status="PASS" starttime="20210926 20:16:07.532" endtime="20210926 20:16:07.966"/>
</kw>
<kw name="Input Text" library="SeleniumLibrary">
<arg>${field_input_search}</arg>
<arg>${TEXT_KEYWORD_SEARCH}</arg>
<doc>Types the given ``text`` into the text field identified by ``locator``.</doc>
<msg timestamp="20210926 20:16:07.967" level="INFO">Typing text 'java' into text field 'xpath=//input[@data-testid='search-input-field']'.</msg>
<status status="PASS" starttime="20210926 20:16:07.966" endtime="20210926 20:16:08.761"/>
</kw>
<status status="PASS" starttime="20210926 20:16:07.531" endtime="20210926 20:16:08.761"/>
</kw>
<kw name="Click search icon" library="Homepage">
<kw name="Wait Until Element Is Visible" library="SeleniumLibrary">
<arg>${field_img_icon_search}</arg>
<doc>Waits until the element ``locator`` is visible.</doc>
<status status="PASS" starttime="20210926 20:16:08.762" endtime="20210926 20:16:09.201"/>
</kw>
<kw name="Click Element" library="SeleniumLibrary">
<arg>${field_img_icon_search}</arg>
<doc>Click the element identified by ``locator``.</doc>
<msg timestamp="20210926 20:16:09.202" level="INFO">Clicking element 'xpath=//div[@data-testid='search-icon']'.</msg>
<status status="PASS" starttime="20210926 20:16:09.201" endtime="20210926 20:16:09.744"/>
</kw>
<status status="PASS" starttime="20210926 20:16:08.762" endtime="20210926 20:16:09.744"/>
</kw>
<kw name="Validate search result" library="Searchpage">
<kw name="Wait Until Element Is Visible" library="SeleniumLibrary">
<arg>${text_total_result}</arg>
<doc>Waits until the element ``locator`` is visible.</doc>
<status status="PASS" starttime="20210926 20:16:09.745" endtime="20210926 20:16:10.604"/>
</kw>
<kw name="Element Should Be Visible" library="SeleniumLibrary">
<arg>${text_total_result}</arg>
<doc>Verifies that the element identified by ``locator`` is visible.</doc>
<msg timestamp="20210926 20:16:11.030" level="INFO">Element 'css=[data-testid='total-result']' is displayed.</msg>
<status status="PASS" starttime="20210926 20:16:10.604" endtime="20210926 20:16:11.031"/>
</kw>
<kw name="Wait Until Element Is Visible" library="SeleniumLibrary">
<arg>${field_filter_by_harga}</arg>
<doc>Waits until the element ``locator`` is visible.</doc>
<status status="PASS" starttime="20210926 20:16:11.031" endtime="20210926 20:16:11.458"/>
</kw>
<kw name="Element Should Be Visible" library="SeleniumLibrary">
<arg>${field_filter_by_harga}</arg>
<doc>Verifies that the element identified by ``locator`` is visible.</doc>
<msg timestamp="20210926 20:16:11.880" level="INFO">Element 'xpath=(//div[@data-testid='dropdown-container']//div[.='Harga'])[1]' is displayed.</msg>
<status status="PASS" starttime="20210926 20:16:11.458" endtime="20210926 20:16:11.881"/>
</kw>
<kw name="Wait Until Element Is Visible" library="SeleniumLibrary">
<arg>${field_filter_by_durasi}</arg>
<doc>Waits until the element ``locator`` is visible.</doc>
<status status="PASS" starttime="20210926 20:16:11.882" endtime="20210926 20:16:12.311"/>
</kw>
<kw name="Element Should Be Visible" library="SeleniumLibrary">
<arg>${field_filter_by_durasi}</arg>
<doc>Verifies that the element identified by ``locator`` is visible.</doc>
<msg timestamp="20210926 20:16:12.738" level="INFO">Element 'xpath=(//div[@data-testid='dropdown-container']//div[.='Durasi'])[1]' is displayed.</msg>
<status status="PASS" starttime="20210926 20:16:12.311" endtime="20210926 20:16:12.738"/>
</kw>
<kw name="Wait Until Element Is Visible" library="SeleniumLibrary">
<arg>${field_sort_by}</arg>
<doc>Waits until the element ``locator`` is visible.</doc>
<status status="PASS" starttime="20210926 20:16:12.739" endtime="20210926 20:16:13.170"/>
</kw>
<kw name="Element Should Be Visible" library="SeleniumLibrary">
<arg>${field_sort_by}</arg>
<doc>Verifies that the element identified by ``locator`` is visible.</doc>
<msg timestamp="20210926 20:16:13.597" level="INFO">Element 'xpath=(//div[@data-testid='dropdown-container']//div[.='Pilih'])[1]' is displayed.</msg>
<status status="PASS" starttime="20210926 20:16:13.171" endtime="20210926 20:16:13.598"/>
</kw>
<status status="PASS" starttime="20210926 20:16:09.744" endtime="20210926 20:16:13.598"/>
</kw>
<kw name="Filter by price" library="Searchpage">
<kw name="Wait Until Element Is Visible" library="SeleniumLibrary">
<arg>${field_filter_by_harga}</arg>
<doc>Waits until the element ``locator`` is visible.</doc>
<status status="PASS" starttime="20210926 20:16:13.600" endtime="20210926 20:16:14.033"/>
</kw>
<kw name="Click Element" library="SeleniumLibrary">
<arg>${field_filter_by_harga}</arg>
<doc>Click the element identified by ``locator``.</doc>
<msg timestamp="20210926 20:16:14.035" level="INFO">Clicking element 'xpath=(//div[@data-testid='dropdown-container']//div[.='Harga'])[1]'.</msg>
<status status="PASS" starttime="20210926 20:16:14.034" endtime="20210926 20:16:14.517"/>
</kw>
<kw name="Wait Until Element Is Visible" library="SeleniumLibrary">
<arg>${filter_by_price}</arg>
<doc>Waits until the element ``locator`` is visible.</doc>
<status status="PASS" starttime="20210926 20:16:14.517" endtime="20210926 20:16:14.949"/>
</kw>
<kw name="Click Element" library="SeleniumLibrary">
<arg>${filter_by_price}</arg>
<doc>Click the element identified by ``locator``.</doc>
<msg timestamp="20210926 20:16:14.950" level="INFO">Clicking element 'xpath=//*[.='&lt;100.000']'.</msg>
<status status="PASS" starttime="20210926 20:16:14.949" endtime="20210926 20:16:15.491"/>
</kw>
<status status="PASS" starttime="20210926 20:16:13.599" endtime="20210926 20:16:15.492"/>
</kw>
<kw name="Sleep" library="BuiltIn">
<arg>5</arg>
<doc>Pauses the test executed for the given time.</doc>
<msg timestamp="20210926 20:16:20.494" level="INFO">Slept 5 seconds</msg>
<status status="PASS" starttime="20210926 20:16:15.492" endtime="20210926 20:16:20.495"/>
</kw>
<kw name="End Testing" library="CommonKeywords" type="TEARDOWN">
<kw name="Close All Browsers" library="SeleniumLibrary">
<doc>Closes all open browsers and resets the browser cache.</doc>
<status status="PASS" starttime="20210926 20:16:20.497" endtime="20210926 20:16:20.788"/>
</kw>
<status status="PASS" starttime="20210926 20:16:20.496" endtime="20210926 20:16:20.788"/>
</kw>
<doc>Search With Input Keyword and Filter by Price</doc>
<tag>Regression</tag>
<tag>Smoke</tag>
<timeout value="4 minutes"/>
<status status="PASS" starttime="20210926 20:15:32.890" endtime="20210926 20:16:20.788"/>
</test>
<test id="s1-t4" name="TC004 Search With Input Keyword and Filter by Duration">
<kw name="Start Testing" library="CommonKeywords" type="SETUP">
<arg>${URL}</arg>
<kw name="Open Web" library="CommonKeywords">
<arg>${URL}</arg>
<kw name="Convert To Lower Case" library="String">
<var>${BROWSER}</var>
<arg>${BROWSER}</arg>
<doc>Converts string to lower case.</doc>
<msg timestamp="20210926 20:16:20.794" level="INFO">${BROWSER} = chrome</msg>
<status status="PASS" starttime="20210926 20:16:20.794" endtime="20210926 20:16:20.794"/>
</kw>
<kw name="Open Normal Browser" library="Browser">
<arg>${URL}</arg>
<kw name="Open Browser" library="SeleniumLibrary">
<arg>${URL_BLANK}</arg>
<arg>${BROWSER}</arg>
<doc>Opens a new browser instance to the optional ``url``.</doc>
<msg timestamp="20210926 20:16:20.796" level="INFO">Opening browser 'chrome' to base url 'about:blank'.</msg>
<status status="PASS" starttime="20210926 20:16:20.795" endtime="20210926 20:16:36.158"/>
</kw>
<kw name="Maximize Browser Window" library="SeleniumLibrary">
<doc>Maximizes current browser window.</doc>
<status status="PASS" starttime="20210926 20:16:36.159" endtime="20210926 20:16:38.765"/>
</kw>
<kw name="Go To" library="SeleniumLibrary">
<arg>${URL}</arg>
<doc>Navigates the current browser window to the provided ``url``.</doc>
<msg timestamp="20210926 20:16:38.766" level="INFO">Opening url 'https://skillacademy.com/'</msg>
<status status="PASS" starttime="20210926 20:16:38.765" endtime="20210926 20:16:44.691"/>
</kw>
<status status="PASS" starttime="20210926 20:16:20.795" endtime="20210926 20:16:44.692"/>
</kw>
<status status="PASS" starttime="20210926 20:16:20.793" endtime="20210926 20:16:44.692"/>
</kw>
<kw name="Set Selenium Timeout" library="SeleniumLibrary">
<arg>${DEFAULT_TIMEOUT}</arg>
<doc>Sets the timeout that is used by various keywords.</doc>
<status status="PASS" starttime="20210926 20:16:44.692" endtime="20210926 20:16:44.899"/>
</kw>
<kw name="Set Selenium Speed" library="SeleniumLibrary">
<arg>${DELAY}</arg>
<doc>Sets the delay that is waited after each Selenium command.</doc>
<status status="PASS" starttime="20210926 20:16:44.899" endtime="20210926 20:16:44.900"/>
</kw>
<status status="PASS" starttime="20210926 20:16:20.793" endtime="20210926 20:16:44.901"/>
</kw>
<kw name="Verify Homepage Opened" library="Homepage">
<kw name="Wait Until Element Is Visible" library="SeleniumLibrary">
<arg>${field_img_logo_skill_academy}</arg>
<doc>Waits until the element ``locator`` is visible.</doc>
<status status="PASS" starttime="20210926 20:16:44.903" endtime="20210926 20:16:45.343"/>
</kw>
<kw name="Element Should Be Visible" library="SeleniumLibrary">
<arg>${field_img_logo_skill_academy}</arg>
<doc>Verifies that the element identified by ``locator`` is visible.</doc>
<msg timestamp="20210926 20:16:45.776" level="INFO">Element 'css=img[alt='Skill Academy Logo']' is displayed.</msg>
<status status="PASS" starttime="20210926 20:16:45.344" endtime="20210926 20:16:45.776"/>
</kw>
<kw name="Wait Until Element Is Visible" library="SeleniumLibrary">
<arg>${button_menu_for_enterprise}</arg>
<doc>Waits until the element ``locator`` is visible.</doc>
<status status="PASS" starttime="20210926 20:16:45.777" endtime="20210926 20:16:46.210"/>
</kw>
<kw name="Element Should Be Visible" library="SeleniumLibrary">
<arg>${button_menu_for_enterprise}</arg>
<doc>Verifies that the element identified by ``locator`` is visible.</doc>
<msg timestamp="20210926 20:16:46.636" level="INFO">Element 'xpath=//a[@data-testid='header-enterprise-skillacademy-button']/p' is displayed.</msg>
<status status="PASS" starttime="20210926 20:16:46.210" endtime="20210926 20:16:46.636"/>
</kw>
<kw name="Wait Until Element Is Visible" library="SeleniumLibrary">
<arg>${button_menu_kelas_pekerja}</arg>
<doc>Waits until the element ``locator`` is visible.</doc>
<status status="PASS" starttime="20210926 20:16:46.636" endtime="20210926 20:16:47.070"/>
</kw>
<kw name="Element Should Be Visible" library="SeleniumLibrary">
<arg>${button_menu_kelas_pekerja}</arg>
<doc>Verifies that the element identified by ``locator`` is visible.</doc>
<msg timestamp="20210926 20:16:47.498" level="INFO">Element 'xpath=//a[@href='/prakerja']/p' is displayed.</msg>
<status status="PASS" starttime="20210926 20:16:47.071" endtime="20210926 20:16:47.498"/>
</kw>
<kw name="Wait Until Element Is Visible" library="SeleniumLibrary">
<arg>${button_menu_dropdown_kategori}</arg>
<doc>Waits until the element ``locator`` is visible.</doc>
<status status="PASS" starttime="20210926 20:16:47.498" endtime="20210926 20:16:47.937"/>
</kw>
<kw name="Element Should Be Visible" library="SeleniumLibrary">
<arg>${button_menu_dropdown_kategori}</arg>
<doc>Verifies that the element identified by ``locator`` is visible.</doc>
<msg timestamp="20210926 20:16:48.371" level="INFO">Element 'xpath=//div[@data-testid='dropdown-category']/p' is displayed.</msg>
<status status="PASS" starttime="20210926 20:16:47.937" endtime="20210926 20:16:48.371"/>
</kw>
<kw name="Wait Until Element Is Visible" library="SeleniumLibrary">
<arg>${button_menu_tambah_uang_saku}</arg>
<doc>Waits until the element ``locator`` is visible.</doc>
<status status="PASS" starttime="20210926 20:16:48.371" endtime="20210926 20:16:48.813"/>
</kw>
<kw name="Element Should Be Visible" library="SeleniumLibrary">
<arg>${button_menu_tambah_uang_saku}</arg>
<doc>Verifies that the element identified by ``locator`` is visible.</doc>
<msg timestamp="20210926 20:16:49.241" level="INFO">Element 'xpath=//a[@href='/referral/detail?scrollTo=&amp;activeTab=']/p' is displayed.</msg>
<status status="PASS" starttime="20210926 20:16:48.813" endtime="20210926 20:16:49.241"/>
</kw>
<kw name="Wait Until Element Is Visible" library="SeleniumLibrary">
<arg>${field_input_search}</arg>
<doc>Waits until the element ``locator`` is visible.</doc>
<status status="PASS" starttime="20210926 20:16:49.241" endtime="20210926 20:16:49.673"/>
</kw>
<kw name="Element Should Be Visible" library="SeleniumLibrary">
<arg>${field_input_search}</arg>
<doc>Verifies that the element identified by ``locator`` is visible.</doc>
<msg timestamp="20210926 20:16:50.100" level="INFO">Element 'xpath=//input[@data-testid='search-input-field']' is displayed.</msg>
<status status="PASS" starttime="20210926 20:16:49.673" endtime="20210926 20:16:50.101"/>
</kw>
<kw name="Wait Until Element Is Visible" library="SeleniumLibrary">
<arg>${field_img_banner_home}</arg>
<doc>Waits until the element ``locator`` is visible.</doc>
<status status="PASS" starttime="20210926 20:16:50.101" endtime="20210926 20:16:50.530"/>
</kw>
<kw name="Element Should Be Visible" library="SeleniumLibrary">
<arg>${field_img_banner_home}</arg>
<doc>Verifies that the element identified by ``locator`` is visible.</doc>
<msg timestamp="20210926 20:16:50.951" level="INFO">Element 'css=img[alt='Home Banner Large']' is displayed.</msg>
<status status="PASS" starttime="20210926 20:16:50.531" endtime="20210926 20:16:50.952"/>
</kw>
<status status="PASS" starttime="20210926 20:16:44.902" endtime="20210926 20:16:50.952"/>
</kw>
<kw name="Input 'keyword' in field search" library="Homepage">
<arg>java</arg>
<kw name="Wait Until Element Is Visible" library="SeleniumLibrary">
<arg>${field_input_search}</arg>
<doc>Waits until the element ``locator`` is visible.</doc>
<status status="PASS" starttime="20210926 20:16:50.953" endtime="20210926 20:16:51.387"/>
</kw>
<kw name="Input Text" library="SeleniumLibrary">
<arg>${field_input_search}</arg>
<arg>${TEXT_KEYWORD_SEARCH}</arg>
<doc>Types the given ``text`` into the text field identified by ``locator``.</doc>
<msg timestamp="20210926 20:16:51.388" level="INFO">Typing text 'java' into text field 'xpath=//input[@data-testid='search-input-field']'.</msg>
<status status="PASS" starttime="20210926 20:16:51.387" endtime="20210926 20:16:52.167"/>
</kw>
<status status="PASS" starttime="20210926 20:16:50.952" endtime="20210926 20:16:52.167"/>
</kw>
<kw name="Click search icon" library="Homepage">
<kw name="Wait Until Element Is Visible" library="SeleniumLibrary">
<arg>${field_img_icon_search}</arg>
<doc>Waits until the element ``locator`` is visible.</doc>
<status status="PASS" starttime="20210926 20:16:52.168" endtime="20210926 20:16:52.610"/>
</kw>
<kw name="Click Element" library="SeleniumLibrary">
<arg>${field_img_icon_search}</arg>
<doc>Click the element identified by ``locator``.</doc>
<msg timestamp="20210926 20:16:52.611" level="INFO">Clicking element 'xpath=//div[@data-testid='search-icon']'.</msg>
<status status="PASS" starttime="20210926 20:16:52.610" endtime="20210926 20:16:53.167"/>
</kw>
<status status="PASS" starttime="20210926 20:16:52.168" endtime="20210926 20:16:53.167"/>
</kw>
<kw name="Validate search result" library="Searchpage">
<kw name="Wait Until Element Is Visible" library="SeleniumLibrary">
<arg>${text_total_result}</arg>
<doc>Waits until the element ``locator`` is visible.</doc>
<status status="PASS" starttime="20210926 20:16:53.168" endtime="20210926 20:16:54.065"/>
</kw>
<kw name="Element Should Be Visible" library="SeleniumLibrary">
<arg>${text_total_result}</arg>
<doc>Verifies that the element identified by ``locator`` is visible.</doc>
<msg timestamp="20210926 20:16:54.489" level="INFO">Element 'css=[data-testid='total-result']' is displayed.</msg>
<status status="PASS" starttime="20210926 20:16:54.065" endtime="20210926 20:16:54.490"/>
</kw>
<kw name="Wait Until Element Is Visible" library="SeleniumLibrary">
<arg>${field_filter_by_harga}</arg>
<doc>Waits until the element ``locator`` is visible.</doc>
<status status="PASS" starttime="20210926 20:16:54.491" endtime="20210926 20:16:54.920"/>
</kw>
<kw name="Element Should Be Visible" library="SeleniumLibrary">
<arg>${field_filter_by_harga}</arg>
<doc>Verifies that the element identified by ``locator`` is visible.</doc>
<msg timestamp="20210926 20:16:55.424" level="INFO">Element 'xpath=(//div[@data-testid='dropdown-container']//div[.='Harga'])[1]' is displayed.</msg>
<status status="PASS" starttime="20210926 20:16:54.920" endtime="20210926 20:16:55.425"/>
</kw>
<kw name="Wait Until Element Is Visible" library="SeleniumLibrary">
<arg>${field_filter_by_durasi}</arg>
<doc>Waits until the element ``locator`` is visible.</doc>
<status status="PASS" starttime="20210926 20:16:55.425" endtime="20210926 20:16:55.856"/>
</kw>
<kw name="Element Should Be Visible" library="SeleniumLibrary">
<arg>${field_filter_by_durasi}</arg>
<doc>Verifies that the element identified by ``locator`` is visible.</doc>
<msg timestamp="20210926 20:16:56.284" level="INFO">Element 'xpath=(//div[@data-testid='dropdown-container']//div[.='Durasi'])[1]' is displayed.</msg>
<status status="PASS" starttime="20210926 20:16:55.856" endtime="20210926 20:16:56.284"/>
</kw>
<kw name="Wait Until Element Is Visible" library="SeleniumLibrary">
<arg>${field_sort_by}</arg>
<doc>Waits until the element ``locator`` is visible.</doc>
<status status="PASS" starttime="20210926 20:16:56.284" endtime="20210926 20:16:56.714"/>
</kw>
<kw name="Element Should Be Visible" library="SeleniumLibrary">
<arg>${field_sort_by}</arg>
<doc>Verifies that the element identified by ``locator`` is visible.</doc>
<msg timestamp="20210926 20:16:57.139" level="INFO">Element 'xpath=(//div[@data-testid='dropdown-container']//div[.='Pilih'])[1]' is displayed.</msg>
<status status="PASS" starttime="20210926 20:16:56.714" endtime="20210926 20:16:57.140"/>
</kw>
<status status="PASS" starttime="20210926 20:16:53.168" endtime="20210926 20:16:57.141"/>
</kw>
<kw name="Filter by duration" library="Searchpage">
<kw name="Wait Until Element Is Visible" library="SeleniumLibrary">
<arg>${field_filter_by_durasi}</arg>
<doc>Waits until the element ``locator`` is visible.</doc>
<status status="PASS" starttime="20210926 20:16:57.142" endtime="20210926 20:16:57.572"/>
</kw>
<kw name="Click Element" library="SeleniumLibrary">
<arg>${field_filter_by_durasi}</arg>
<doc>Click the element identified by ``locator``.</doc>
<msg timestamp="20210926 20:16:57.574" level="INFO">Clicking element 'xpath=(//div[@data-testid='dropdown-container']//div[.='Durasi'])[1]'.</msg>
<status status="PASS" starttime="20210926 20:16:57.573" endtime="20210926 20:16:58.080"/>
</kw>
<kw name="Wait Until Element Is Visible" library="SeleniumLibrary">
<arg>${filter_by_duration}</arg>
<doc>Waits until the element ``locator`` is visible.</doc>
<status status="PASS" starttime="20210926 20:16:58.081" endtime="20210926 20:16:58.511"/>
</kw>
<kw name="Click Element" library="SeleniumLibrary">
<arg>${filter_by_duration}</arg>
<doc>Click the element identified by ``locator``.</doc>
<msg timestamp="20210926 20:16:58.512" level="INFO">Clicking element 'xpath=//*[.='&lt;1 jam']'.</msg>
<status status="PASS" starttime="20210926 20:16:58.511" endtime="20210926 20:16:59.051"/>
</kw>
<status status="PASS" starttime="20210926 20:16:57.141" endtime="20210926 20:16:59.051"/>
</kw>
<kw name="Sleep" library="BuiltIn">
<arg>5</arg>
<doc>Pauses the test executed for the given time.</doc>
<msg timestamp="20210926 20:17:04.054" level="INFO">Slept 5 seconds</msg>
<status status="PASS" starttime="20210926 20:16:59.051" endtime="20210926 20:17:04.054"/>
</kw>
<kw name="End Testing" library="CommonKeywords" type="TEARDOWN">
<kw name="Close All Browsers" library="SeleniumLibrary">
<doc>Closes all open browsers and resets the browser cache.</doc>
<status status="PASS" starttime="20210926 20:17:04.056" endtime="20210926 20:17:04.348"/>
</kw>
<status status="PASS" starttime="20210926 20:17:04.055" endtime="20210926 20:17:04.348"/>
</kw>
<doc>Search With Input Keyword and Filter by Price</doc>
<tag>Regression</tag>
<tag>Smoke</tag>
<timeout value="4 minutes"/>
<status status="PASS" starttime="20210926 20:16:20.791" endtime="20210926 20:17:04.348"/>
</test>
<test id="s1-t5" name="TC005 Search With Input Keyword and Sort by Rating">
<kw name="Start Testing" library="CommonKeywords" type="SETUP">
<arg>${URL}</arg>
<kw name="Open Web" library="CommonKeywords">
<arg>${URL}</arg>
<kw name="Convert To Lower Case" library="String">
<var>${BROWSER}</var>
<arg>${BROWSER}</arg>
<doc>Converts string to lower case.</doc>
<msg timestamp="20210926 20:17:04.354" level="INFO">${BROWSER} = chrome</msg>
<status status="PASS" starttime="20210926 20:17:04.354" endtime="20210926 20:17:04.354"/>
</kw>
<kw name="Open Normal Browser" library="Browser">
<arg>${URL}</arg>
<kw name="Open Browser" library="SeleniumLibrary">
<arg>${URL_BLANK}</arg>
<arg>${BROWSER}</arg>
<doc>Opens a new browser instance to the optional ``url``.</doc>
<msg timestamp="20210926 20:17:04.355" level="INFO">Opening browser 'chrome' to base url 'about:blank'.</msg>
<status status="PASS" starttime="20210926 20:17:04.355" endtime="20210926 20:17:19.851"/>
</kw>
<kw name="Maximize Browser Window" library="SeleniumLibrary">
<doc>Maximizes current browser window.</doc>
<status status="PASS" starttime="20210926 20:17:19.852" endtime="20210926 20:17:22.796"/>
</kw>
<kw name="Go To" library="SeleniumLibrary">
<arg>${URL}</arg>
<doc>Navigates the current browser window to the provided ``url``.</doc>
<msg timestamp="20210926 20:17:22.797" level="INFO">Opening url 'https://skillacademy.com/'</msg>
<status status="PASS" starttime="20210926 20:17:22.797" endtime="20210926 20:17:30.347"/>
</kw>
<status status="PASS" starttime="20210926 20:17:04.354" endtime="20210926 20:17:30.348"/>
</kw>
<status status="PASS" starttime="20210926 20:17:04.353" endtime="20210926 20:17:30.348"/>
</kw>
<kw name="Set Selenium Timeout" library="SeleniumLibrary">
<arg>${DEFAULT_TIMEOUT}</arg>
<doc>Sets the timeout that is used by various keywords.</doc>
<status status="PASS" starttime="20210926 20:17:30.348" endtime="20210926 20:17:30.553"/>
</kw>
<kw name="Set Selenium Speed" library="SeleniumLibrary">
<arg>${DELAY}</arg>
<doc>Sets the delay that is waited after each Selenium command.</doc>
<status status="PASS" starttime="20210926 20:17:30.554" endtime="20210926 20:17:30.555"/>
</kw>
<status status="PASS" starttime="20210926 20:17:04.353" endtime="20210926 20:17:30.555"/>
</kw>
<kw name="Verify Homepage Opened" library="Homepage">
<kw name="Wait Until Element Is Visible" library="SeleniumLibrary">
<arg>${field_img_logo_skill_academy}</arg>
<doc>Waits until the element ``locator`` is visible.</doc>
<status status="PASS" starttime="20210926 20:17:30.556" endtime="20210926 20:17:31.000"/>
</kw>
<kw name="Element Should Be Visible" library="SeleniumLibrary">
<arg>${field_img_logo_skill_academy}</arg>
<doc>Verifies that the element identified by ``locator`` is visible.</doc>
<msg timestamp="20210926 20:17:31.427" level="INFO">Element 'css=img[alt='Skill Academy Logo']' is displayed.</msg>
<status status="PASS" starttime="20210926 20:17:31.001" endtime="20210926 20:17:31.427"/>
</kw>
<kw name="Wait Until Element Is Visible" library="SeleniumLibrary">
<arg>${button_menu_for_enterprise}</arg>
<doc>Waits until the element ``locator`` is visible.</doc>
<status status="PASS" starttime="20210926 20:17:31.427" endtime="20210926 20:17:31.893"/>
</kw>
<kw name="Element Should Be Visible" library="SeleniumLibrary">
<arg>${button_menu_for_enterprise}</arg>
<doc>Verifies that the element identified by ``locator`` is visible.</doc>
<msg timestamp="20210926 20:17:32.322" level="INFO">Element 'xpath=//a[@data-testid='header-enterprise-skillacademy-button']/p' is displayed.</msg>
<status status="PASS" starttime="20210926 20:17:31.893" endtime="20210926 20:17:32.322"/>
</kw>
<kw name="Wait Until Element Is Visible" library="SeleniumLibrary">
<arg>${button_menu_kelas_pekerja}</arg>
<doc>Waits until the element ``locator`` is visible.</doc>
<status status="PASS" starttime="20210926 20:17:32.323" endtime="20210926 20:17:32.791"/>
</kw>
<kw name="Element Should Be Visible" library="SeleniumLibrary">
<arg>${button_menu_kelas_pekerja}</arg>
<doc>Verifies that the element identified by ``locator`` is visible.</doc>
<msg timestamp="20210926 20:17:33.216" level="INFO">Element 'xpath=//a[@href='/prakerja']/p' is displayed.</msg>
<status status="PASS" starttime="20210926 20:17:32.791" endtime="20210926 20:17:33.216"/>
</kw>
<kw name="Wait Until Element Is Visible" library="SeleniumLibrary">
<arg>${button_menu_dropdown_kategori}</arg>
<doc>Waits until the element ``locator`` is visible.</doc>
<status status="PASS" starttime="20210926 20:17:33.217" endtime="20210926 20:17:33.651"/>
</kw>
<kw name="Element Should Be Visible" library="SeleniumLibrary">
<arg>${button_menu_dropdown_kategori}</arg>
<doc>Verifies that the element identified by ``locator`` is visible.</doc>
<msg timestamp="20210926 20:17:34.082" level="INFO">Element 'xpath=//div[@data-testid='dropdown-category']/p' is displayed.</msg>
<status status="PASS" starttime="20210926 20:17:33.651" endtime="20210926 20:17:34.082"/>
</kw>
<kw name="Wait Until Element Is Visible" library="SeleniumLibrary">
<arg>${button_menu_tambah_uang_saku}</arg>
<doc>Waits until the element ``locator`` is visible.</doc>
<status status="PASS" starttime="20210926 20:17:34.083" endtime="20210926 20:17:34.514"/>
</kw>
<kw name="Element Should Be Visible" library="SeleniumLibrary">
<arg>${button_menu_tambah_uang_saku}</arg>
<doc>Verifies that the element identified by ``locator`` is visible.</doc>
<msg timestamp="20210926 20:17:34.941" level="INFO">Element 'xpath=//a[@href='/referral/detail?scrollTo=&amp;activeTab=']/p' is displayed.</msg>
<status status="PASS" starttime="20210926 20:17:34.515" endtime="20210926 20:17:34.941"/>
</kw>
<kw name="Wait Until Element Is Visible" library="SeleniumLibrary">
<arg>${field_input_search}</arg>
<doc>Waits until the element ``locator`` is visible.</doc>
<status status="PASS" starttime="20210926 20:17:34.941" endtime="20210926 20:17:35.384"/>
</kw>
<kw name="Element Should Be Visible" library="SeleniumLibrary">
<arg>${field_input_search}</arg>
<doc>Verifies that the element identified by ``locator`` is visible.</doc>
<msg timestamp="20210926 20:17:35.811" level="INFO">Element 'xpath=//input[@data-testid='search-input-field']' is displayed.</msg>
<status status="PASS" starttime="20210926 20:17:35.384" endtime="20210926 20:17:35.812"/>
</kw>
<kw name="Wait Until Element Is Visible" library="SeleniumLibrary">
<arg>${field_img_banner_home}</arg>
<doc>Waits until the element ``locator`` is visible.</doc>
<status status="PASS" starttime="20210926 20:17:35.812" endtime="20210926 20:17:36.241"/>
</kw>
<kw name="Element Should Be Visible" library="SeleniumLibrary">
<arg>${field_img_banner_home}</arg>
<doc>Verifies that the element identified by ``locator`` is visible.</doc>
<msg timestamp="20210926 20:17:36.665" level="INFO">Element 'css=img[alt='Home Banner Large']' is displayed.</msg>
<status status="PASS" starttime="20210926 20:17:36.241" endtime="20210926 20:17:36.666"/>
</kw>
<status status="PASS" starttime="20210926 20:17:30.556" endtime="20210926 20:17:36.666"/>
</kw>
<kw name="Input 'keyword' in field search" library="Homepage">
<arg>java</arg>
<kw name="Wait Until Element Is Visible" library="SeleniumLibrary">
<arg>${field_input_search}</arg>
<doc>Waits until the element ``locator`` is visible.</doc>
<status status="PASS" starttime="20210926 20:17:36.669" endtime="20210926 20:17:37.101"/>
</kw>
<kw name="Input Text" library="SeleniumLibrary">
<arg>${field_input_search}</arg>
<arg>${TEXT_KEYWORD_SEARCH}</arg>
<doc>Types the given ``text`` into the text field identified by ``locator``.</doc>
<msg timestamp="20210926 20:17:37.102" level="INFO">Typing text 'java' into text field 'xpath=//input[@data-testid='search-input-field']'.</msg>
<status status="PASS" starttime="20210926 20:17:37.101" endtime="20210926 20:17:37.890"/>
</kw>
<status status="PASS" starttime="20210926 20:17:36.668" endtime="20210926 20:17:37.890"/>
</kw>
<kw name="Click search icon" library="Homepage">
<kw name="Wait Until Element Is Visible" library="SeleniumLibrary">
<arg>${field_img_icon_search}</arg>
<doc>Waits until the element ``locator`` is visible.</doc>
<status status="PASS" starttime="20210926 20:17:37.892" endtime="20210926 20:17:38.326"/>
</kw>
<kw name="Click Element" library="SeleniumLibrary">
<arg>${field_img_icon_search}</arg>
<doc>Click the element identified by ``locator``.</doc>
<msg timestamp="20210926 20:17:38.327" level="INFO">Clicking element 'xpath=//div[@data-testid='search-icon']'.</msg>
<status status="PASS" starttime="20210926 20:17:38.327" endtime="20210926 20:17:38.888"/>
</kw>
<status status="PASS" starttime="20210926 20:17:37.891" endtime="20210926 20:17:38.888"/>
</kw>
<kw name="Validate search result" library="Searchpage">
<kw name="Wait Until Element Is Visible" library="SeleniumLibrary">
<arg>${text_total_result}</arg>
<doc>Waits until the element ``locator`` is visible.</doc>
<status status="PASS" starttime="20210926 20:17:38.888" endtime="20210926 20:17:39.733"/>
</kw>
<kw name="Element Should Be Visible" library="SeleniumLibrary">
<arg>${text_total_result}</arg>
<doc>Verifies that the element identified by ``locator`` is visible.</doc>
<msg timestamp="20210926 20:17:40.157" level="INFO">Element 'css=[data-testid='total-result']' is displayed.</msg>
<status status="PASS" starttime="20210926 20:17:39.733" endtime="20210926 20:17:40.157"/>
</kw>
<kw name="Wait Until Element Is Visible" library="SeleniumLibrary">
<arg>${field_filter_by_harga}</arg>
<doc>Waits until the element ``locator`` is visible.</doc>
<status status="PASS" starttime="20210926 20:17:40.158" endtime="20210926 20:17:40.590"/>
</kw>
<kw name="Element Should Be Visible" library="SeleniumLibrary">
<arg>${field_filter_by_harga}</arg>
<doc>Verifies that the element identified by ``locator`` is visible.</doc>
<msg timestamp="20210926 20:17:41.020" level="INFO">Element 'xpath=(//div[@data-testid='dropdown-container']//div[.='Harga'])[1]' is displayed.</msg>
<status status="PASS" starttime="20210926 20:17:40.591" endtime="20210926 20:17:41.020"/>
</kw>
<kw name="Wait Until Element Is Visible" library="SeleniumLibrary">
<arg>${field_filter_by_durasi}</arg>
<doc>Waits until the element ``locator`` is visible.</doc>
<status status="PASS" starttime="20210926 20:17:41.021" endtime="20210926 20:17:41.451"/>
</kw>
<kw name="Element Should Be Visible" library="SeleniumLibrary">
<arg>${field_filter_by_durasi}</arg>
<doc>Verifies that the element identified by ``locator`` is visible.</doc>
<msg timestamp="20210926 20:17:41.871" level="INFO">Element 'xpath=(//div[@data-testid='dropdown-container']//div[.='Durasi'])[1]' is displayed.</msg>
<status status="PASS" starttime="20210926 20:17:41.451" endtime="20210926 20:17:41.872"/>
</kw>
<kw name="Wait Until Element Is Visible" library="SeleniumLibrary">
<arg>${field_sort_by}</arg>
<doc>Waits until the element ``locator`` is visible.</doc>
<status status="PASS" starttime="20210926 20:17:41.872" endtime="20210926 20:17:42.301"/>
</kw>
<kw name="Element Should Be Visible" library="SeleniumLibrary">
<arg>${field_sort_by}</arg>
<doc>Verifies that the element identified by ``locator`` is visible.</doc>
<msg timestamp="20210926 20:17:42.725" level="INFO">Element 'xpath=(//div[@data-testid='dropdown-container']//div[.='Pilih'])[1]' is displayed.</msg>
<status status="PASS" starttime="20210926 20:17:42.301" endtime="20210926 20:17:42.726"/>
</kw>
<status status="PASS" starttime="20210926 20:17:38.888" endtime="20210926 20:17:42.726"/>
</kw>
<kw name="Sort by rating" library="Searchpage">
<kw name="Wait Until Element Is Visible" library="SeleniumLibrary">
<arg>${field_sort_by}</arg>
<doc>Waits until the element ``locator`` is visible.</doc>
<status status="PASS" starttime="20210926 20:17:42.727" endtime="20210926 20:17:43.156"/>
</kw>
<kw name="Click Element" library="SeleniumLibrary">
<arg>${field_sort_by}</arg>
<doc>Click the element identified by ``locator``.</doc>
<msg timestamp="20210926 20:17:43.157" level="INFO">Clicking element 'xpath=(//div[@data-testid='dropdown-container']//div[.='Pilih'])[1]'.</msg>
<status status="PASS" starttime="20210926 20:17:43.157" endtime="20210926 20:17:43.638"/>
</kw>
<kw name="Wait Until Element Is Visible" library="SeleniumLibrary">
<arg>${sort_by_rating}</arg>
<doc>Waits until the element ``locator`` is visible.</doc>
<status status="PASS" starttime="20210926 20:17:43.639" endtime="20210926 20:17:44.067"/>
</kw>
<kw name="Click Element" library="SeleniumLibrary">
<arg>${sort_by_rating}</arg>
<doc>Click the element identified by ``locator``.</doc>
<msg timestamp="20210926 20:17:44.068" level="INFO">Clicking element 'xpath=//*[.='Rating Tertinggi']'.</msg>
<status status="PASS" starttime="20210926 20:17:44.067" endtime="20210926 20:17:44.595"/>
</kw>
<status status="PASS" starttime="20210926 20:17:42.726" endtime="20210926 20:17:44.595"/>
</kw>
<kw name="Sleep" library="BuiltIn">
<arg>5</arg>
<doc>Pauses the test executed for the given time.</doc>
<msg timestamp="20210926 20:17:49.596" level="INFO">Slept 5 seconds</msg>
<status status="PASS" starttime="20210926 20:17:44.596" endtime="20210926 20:17:49.597"/>
</kw>
<kw name="End Testing" library="CommonKeywords" type="TEARDOWN">
<kw name="Close All Browsers" library="SeleniumLibrary">
<doc>Closes all open browsers and resets the browser cache.</doc>
<status status="PASS" starttime="20210926 20:17:49.598" endtime="20210926 20:17:49.861"/>
</kw>
<status status="PASS" starttime="20210926 20:17:49.597" endtime="20210926 20:17:49.861"/>
</kw>
<doc>Search With Input Keyword and Sort by Rating</doc>
<tag>Regression</tag>
<tag>Smoke</tag>
<timeout value="4 minutes"/>
<status status="PASS" starttime="20210926 20:17:04.350" endtime="20210926 20:17:49.861"/>
</test>
<test id="s1-t6" name="TC006 Search With Input Keyword and Sort by Review">
<kw name="Start Testing" library="CommonKeywords" type="SETUP">
<arg>${URL}</arg>
<kw name="Open Web" library="CommonKeywords">
<arg>${URL}</arg>
<kw name="Convert To Lower Case" library="String">
<var>${BROWSER}</var>
<arg>${BROWSER}</arg>
<doc>Converts string to lower case.</doc>
<msg timestamp="20210926 20:17:49.864" level="INFO">${BROWSER} = chrome</msg>
<status status="PASS" starttime="20210926 20:17:49.864" endtime="20210926 20:17:49.864"/>
</kw>
<kw name="Open Normal Browser" library="Browser">
<arg>${URL}</arg>
<kw name="Open Browser" library="SeleniumLibrary">
<arg>${URL_BLANK}</arg>
<arg>${BROWSER}</arg>
<doc>Opens a new browser instance to the optional ``url``.</doc>
<msg timestamp="20210926 20:17:49.866" level="INFO">Opening browser 'chrome' to base url 'about:blank'.</msg>
<status status="PASS" starttime="20210926 20:17:49.865" endtime="20210926 20:18:06.446"/>
</kw>
<kw name="Maximize Browser Window" library="SeleniumLibrary">
<doc>Maximizes current browser window.</doc>
<status status="PASS" starttime="20210926 20:18:06.446" endtime="20210926 20:18:09.445"/>
</kw>
<kw name="Go To" library="SeleniumLibrary">
<arg>${URL}</arg>
<doc>Navigates the current browser window to the provided ``url``.</doc>
<msg timestamp="20210926 20:18:09.447" level="INFO">Opening url 'https://skillacademy.com/'</msg>
<status status="PASS" starttime="20210926 20:18:09.446" endtime="20210926 20:18:15.205"/>
</kw>
<status status="PASS" starttime="20210926 20:17:49.865" endtime="20210926 20:18:15.206"/>
</kw>
<status status="PASS" starttime="20210926 20:17:49.864" endtime="20210926 20:18:15.206"/>
</kw>
<kw name="Set Selenium Timeout" library="SeleniumLibrary">
<arg>${DEFAULT_TIMEOUT}</arg>
<doc>Sets the timeout that is used by various keywords.</doc>
<status status="PASS" starttime="20210926 20:18:15.207" endtime="20210926 20:18:15.419"/>
</kw>
<kw name="Set Selenium Speed" library="SeleniumLibrary">
<arg>${DELAY}</arg>
<doc>Sets the delay that is waited after each Selenium command.</doc>
<status status="PASS" starttime="20210926 20:18:15.419" endtime="20210926 20:18:15.420"/>
</kw>
<status status="PASS" starttime="20210926 20:17:49.863" endtime="20210926 20:18:15.421"/>
</kw>
<kw name="Verify Homepage Opened" library="Homepage">
<kw name="Wait Until Element Is Visible" library="SeleniumLibrary">
<arg>${field_img_logo_skill_academy}</arg>
<doc>Waits until the element ``locator`` is visible.</doc>
<status status="PASS" starttime="20210926 20:18:15.423" endtime="20210926 20:18:15.865"/>
</kw>
<kw name="Element Should Be Visible" library="SeleniumLibrary">
<arg>${field_img_logo_skill_academy}</arg>
<doc>Verifies that the element identified by ``locator`` is visible.</doc>
<msg timestamp="20210926 20:18:16.297" level="INFO">Element 'css=img[alt='Skill Academy Logo']' is displayed.</msg>
<status status="PASS" starttime="20210926 20:18:15.866" endtime="20210926 20:18:16.297"/>
</kw>
<kw name="Wait Until Element Is Visible" library="SeleniumLibrary">
<arg>${button_menu_for_enterprise}</arg>
<doc>Waits until the element ``locator`` is visible.</doc>
<status status="PASS" starttime="20210926 20:18:16.297" endtime="20210926 20:18:16.730"/>
</kw>
<kw name="Element Should Be Visible" library="SeleniumLibrary">
<arg>${button_menu_for_enterprise}</arg>
<doc>Verifies that the element identified by ``locator`` is visible.</doc>
<msg timestamp="20210926 20:18:17.157" level="INFO">Element 'xpath=//a[@data-testid='header-enterprise-skillacademy-button']/p' is displayed.</msg>
<status status="PASS" starttime="20210926 20:18:16.731" endtime="20210926 20:18:17.157"/>
</kw>
<kw name="Wait Until Element Is Visible" library="SeleniumLibrary">
<arg>${button_menu_kelas_pekerja}</arg>
<doc>Waits until the element ``locator`` is visible.</doc>
<status status="PASS" starttime="20210926 20:18:17.157" endtime="20210926 20:18:17.584"/>
</kw>
<kw name="Element Should Be Visible" library="SeleniumLibrary">
<arg>${button_menu_kelas_pekerja}</arg>
<doc>Verifies that the element identified by ``locator`` is visible.</doc>
<msg timestamp="20210926 20:18:18.014" level="INFO">Element 'xpath=//a[@href='/prakerja']/p' is displayed.</msg>
<status status="PASS" starttime="20210926 20:18:17.585" endtime="20210926 20:18:18.014"/>
</kw>
<kw name="Wait Until Element Is Visible" library="SeleniumLibrary">
<arg>${button_menu_dropdown_kategori}</arg>
<doc>Waits until the element ``locator`` is visible.</doc>
<status status="PASS" starttime="20210926 20:18:18.014" endtime="20210926 20:18:18.445"/>
</kw>
<kw name="Element Should Be Visible" library="SeleniumLibrary">
<arg>${button_menu_dropdown_kategori}</arg>
<doc>Verifies that the element identified by ``locator`` is visible.</doc>
<msg timestamp="20210926 20:18:18.880" level="INFO">Element 'xpath=//div[@data-testid='dropdown-category']/p' is displayed.</msg>
<status status="PASS" starttime="20210926 20:18:18.446" endtime="20210926 20:18:18.880"/>
</kw>
<kw name="Wait Until Element Is Visible" library="SeleniumLibrary">
<arg>${button_menu_tambah_uang_saku}</arg>
<doc>Waits until the element ``locator`` is visible.</doc>
<status status="PASS" starttime="20210926 20:18:18.881" endtime="20210926 20:18:19.311"/>
</kw>
<kw name="Element Should Be Visible" library="SeleniumLibrary">
<arg>${button_menu_tambah_uang_saku}</arg>
<doc>Verifies that the element identified by ``locator`` is visible.</doc>
<msg timestamp="20210926 20:18:19.740" level="INFO">Element 'xpath=//a[@href='/referral/detail?scrollTo=&amp;activeTab=']/p' is displayed.</msg>
<status status="PASS" starttime="20210926 20:18:19.311" endtime="20210926 20:18:19.740"/>
</kw>
<kw name="Wait Until Element Is Visible" library="SeleniumLibrary">
<arg>${field_input_search}</arg>
<doc>Waits until the element ``locator`` is visible.</doc>
<status status="PASS" starttime="20210926 20:18:19.740" endtime="20210926 20:18:20.174"/>
</kw>
<kw name="Element Should Be Visible" library="SeleniumLibrary">
<arg>${field_input_search}</arg>
<doc>Verifies that the element identified by ``locator`` is visible.</doc>
<msg timestamp="20210926 20:18:20.600" level="INFO">Element 'xpath=//input[@data-testid='search-input-field']' is displayed.</msg>
<status status="PASS" starttime="20210926 20:18:20.174" endtime="20210926 20:18:20.600"/>
</kw>
<kw name="Wait Until Element Is Visible" library="SeleniumLibrary">
<arg>${field_img_banner_home}</arg>
<doc>Waits until the element ``locator`` is visible.</doc>
<status status="PASS" starttime="20210926 20:18:20.601" endtime="20210926 20:18:21.031"/>
</kw>
<kw name="Element Should Be Visible" library="SeleniumLibrary">
<arg>${field_img_banner_home}</arg>
<doc>Verifies that the element identified by ``locator`` is visible.</doc>
<msg timestamp="20210926 20:18:21.451" level="INFO">Element 'css=img[alt='Home Banner Large']' is displayed.</msg>
<status status="PASS" starttime="20210926 20:18:21.032" endtime="20210926 20:18:21.451"/>
</kw>
<status status="PASS" starttime="20210926 20:18:15.422" endtime="20210926 20:18:21.452"/>
</kw>
<kw name="Input 'keyword' in field search" library="Homepage">
<arg>java</arg>
<kw name="Wait Until Element Is Visible" library="SeleniumLibrary">
<arg>${field_input_search}</arg>
<doc>Waits until the element ``locator`` is visible.</doc>
<status status="PASS" starttime="20210926 20:18:21.453" endtime="20210926 20:18:21.887"/>
</kw>
<kw name="Input Text" library="SeleniumLibrary">
<arg>${field_input_search}</arg>
<arg>${TEXT_KEYWORD_SEARCH}</arg>
<doc>Types the given ``text`` into the text field identified by ``locator``.</doc>
<msg timestamp="20210926 20:18:21.888" level="INFO">Typing text 'java' into text field 'xpath=//input[@data-testid='search-input-field']'.</msg>
<status status="PASS" starttime="20210926 20:18:21.887" endtime="20210926 20:18:22.673"/>
</kw>
<status status="PASS" starttime="20210926 20:18:21.452" endtime="20210926 20:18:22.674"/>
</kw>
<kw name="Click search icon" library="Homepage">
<kw name="Wait Until Element Is Visible" library="SeleniumLibrary">
<arg>${field_img_icon_search}</arg>
<doc>Waits until the element ``locator`` is visible.</doc>
<status status="PASS" starttime="20210926 20:18:22.675" endtime="20210926 20:18:23.108"/>
</kw>
<kw name="Click Element" library="SeleniumLibrary">
<arg>${field_img_icon_search}</arg>
<doc>Click the element identified by ``locator``.</doc>
<msg timestamp="20210926 20:18:23.109" level="INFO">Clicking element 'xpath=//div[@data-testid='search-icon']'.</msg>
<status status="PASS" starttime="20210926 20:18:23.108" endtime="20210926 20:18:23.657"/>
</kw>
<status status="PASS" starttime="20210926 20:18:22.674" endtime="20210926 20:18:23.657"/>
</kw>
<kw name="Validate search result" library="Searchpage">
<kw name="Wait Until Element Is Visible" library="SeleniumLibrary">
<arg>${text_total_result}</arg>
<doc>Waits until the element ``locator`` is visible.</doc>
<status status="PASS" starttime="20210926 20:18:23.659" endtime="20210926 20:18:24.514"/>
</kw>
<kw name="Element Should Be Visible" library="SeleniumLibrary">
<arg>${text_total_result}</arg>
<doc>Verifies that the element identified by ``locator`` is visible.</doc>
<msg timestamp="20210926 20:18:24.941" level="INFO">Element 'css=[data-testid='total-result']' is displayed.</msg>
<status status="PASS" starttime="20210926 20:18:24.515" endtime="20210926 20:18:24.941"/>
</kw>
<kw name="Wait Until Element Is Visible" library="SeleniumLibrary">
<arg>${field_filter_by_harga}</arg>
<doc>Waits until the element ``locator`` is visible.</doc>
<status status="PASS" starttime="20210926 20:18:24.942" endtime="20210926 20:18:25.376"/>
</kw>
<kw name="Element Should Be Visible" library="SeleniumLibrary">
<arg>${field_filter_by_harga}</arg>
<doc>Verifies that the element identified by ``locator`` is visible.</doc>
<msg timestamp="20210926 20:18:25.802" level="INFO">Element 'xpath=(//div[@data-testid='dropdown-container']//div[.='Harga'])[1]' is displayed.</msg>
<status status="PASS" starttime="20210926 20:18:25.377" endtime="20210926 20:18:25.802"/>
</kw>
<kw name="Wait Until Element Is Visible" library="SeleniumLibrary">
<arg>${field_filter_by_durasi}</arg>
<doc>Waits until the element ``locator`` is visible.</doc>
<status status="PASS" starttime="20210926 20:18:25.802" endtime="20210926 20:18:26.231"/>
</kw>
<kw name="Element Should Be Visible" library="SeleniumLibrary">
<arg>${field_filter_by_durasi}</arg>
<doc>Verifies that the element identified by ``locator`` is visible.</doc>
<msg timestamp="20210926 20:18:26.656" level="INFO">Element 'xpath=(//div[@data-testid='dropdown-container']//div[.='Durasi'])[1]' is displayed.</msg>
<status status="PASS" starttime="20210926 20:18:26.231" endtime="20210926 20:18:26.656"/>
</kw>
<kw name="Wait Until Element Is Visible" library="SeleniumLibrary">
<arg>${field_sort_by}</arg>
<doc>Waits until the element ``locator`` is visible.</doc>
<status status="PASS" starttime="20210926 20:18:26.657" endtime="20210926 20:18:27.084"/>
</kw>
<kw name="Element Should Be Visible" library="SeleniumLibrary">
<arg>${field_sort_by}</arg>
<doc>Verifies that the element identified by ``locator`` is visible.</doc>
<msg timestamp="20210926 20:18:27.510" level="INFO">Element 'xpath=(//div[@data-testid='dropdown-container']//div[.='Pilih'])[1]' is displayed.</msg>
<status status="PASS" starttime="20210926 20:18:27.085" endtime="20210926 20:18:27.510"/>
</kw>
<status status="PASS" starttime="20210926 20:18:23.658" endtime="20210926 20:18:27.511"/>
</kw>
<kw name="Sort by review" library="Searchpage">
<kw name="Wait Until Element Is Visible" library="SeleniumLibrary">
<arg>${field_sort_by}</arg>
<doc>Waits until the element ``locator`` is visible.</doc>
<status status="PASS" starttime="20210926 20:18:27.512" endtime="20210926 20:18:27.939"/>
</kw>
<kw name="Click Element" library="SeleniumLibrary">
<arg>${field_sort_by}</arg>
<doc>Click the element identified by ``locator``.</doc>
<msg timestamp="20210926 20:18:27.940" level="INFO">Clicking element 'xpath=(//div[@data-testid='dropdown-container']//div[.='Pilih'])[1]'.</msg>
<status status="PASS" starttime="20210926 20:18:27.939" endtime="20210926 20:18:28.431"/>
</kw>
<kw name="Wait Until Element Is Visible" library="SeleniumLibrary">
<arg>${sort_by_review}</arg>
<doc>Waits until the element ``locator`` is visible.</doc>
<status status="PASS" starttime="20210926 20:18:28.432" endtime="20210926 20:18:28.869"/>
</kw>
<kw name="Click Element" library="SeleniumLibrary">
<arg>${sort_by_review}</arg>
<doc>Click the element identified by ``locator``.</doc>
<msg timestamp="20210926 20:18:28.872" level="INFO">Clicking element 'xpath=//*[.='Review Terbanyak']'.</msg>
<status status="PASS" starttime="20210926 20:18:28.870" endtime="20210926 20:18:29.448"/>
</kw>
<status status="PASS" starttime="20210926 20:18:27.512" endtime="20210926 20:18:29.448"/>
</kw>
<kw name="Sleep" library="BuiltIn">
<arg>5</arg>
<doc>Pauses the test executed for the given time.</doc>
<msg timestamp="20210926 20:18:34.449" level="INFO">Slept 5 seconds</msg>
<status status="PASS" starttime="20210926 20:18:29.448" endtime="20210926 20:18:34.449"/>
</kw>
<kw name="End Testing" library="CommonKeywords" type="TEARDOWN">
<kw name="Close All Browsers" library="SeleniumLibrary">
<doc>Closes all open browsers and resets the browser cache.</doc>
<status status="PASS" starttime="20210926 20:18:34.452" endtime="20210926 20:18:34.736"/>
</kw>
<status status="PASS" starttime="20210926 20:18:34.451" endtime="20210926 20:18:34.737"/>
</kw>
<doc>Search With Input Keyword and Sort by Review</doc>
<tag>Regression</tag>
<tag>Smoke</tag>
<timeout value="4 minutes"/>
<status status="PASS" starttime="20210926 20:17:49.862" endtime="20210926 20:18:34.737"/>
</test>
<test id="s1-t7" name="TC007 Search With Input Keyword and Sort by Latest">
<kw name="Start Testing" library="CommonKeywords" type="SETUP">
<arg>${URL}</arg>
<kw name="Open Web" library="CommonKeywords">
<arg>${URL}</arg>
<kw name="Convert To Lower Case" library="String">
<var>${BROWSER}</var>
<arg>${BROWSER}</arg>
<doc>Converts string to lower case.</doc>
<msg timestamp="20210926 20:18:34.743" level="INFO">${BROWSER} = chrome</msg>
<status status="PASS" starttime="20210926 20:18:34.742" endtime="20210926 20:18:34.743"/>
</kw>
<kw name="Open Normal Browser" library="Browser">
<arg>${URL}</arg>
<kw name="Open Browser" library="SeleniumLibrary">
<arg>${URL_BLANK}</arg>
<arg>${BROWSER}</arg>
<doc>Opens a new browser instance to the optional ``url``.</doc>
<msg timestamp="20210926 20:18:34.744" level="INFO">Opening browser 'chrome' to base url 'about:blank'.</msg>
<status status="PASS" starttime="20210926 20:18:34.743" endtime="20210926 20:18:49.689"/>
</kw>
<kw name="Maximize Browser Window" library="SeleniumLibrary">
<doc>Maximizes current browser window.</doc>
<status status="PASS" starttime="20210926 20:18:49.690" endtime="20210926 20:18:52.181"/>
</kw>
<kw name="Go To" library="SeleniumLibrary">
<arg>${URL}</arg>
<doc>Navigates the current browser window to the provided ``url``.</doc>
<msg timestamp="20210926 20:18:52.182" level="INFO">Opening url 'https://skillacademy.com/'</msg>
<status status="PASS" starttime="20210926 20:18:52.182" endtime="20210926 20:18:58.129"/>
</kw>
<status status="PASS" starttime="20210926 20:18:34.743" endtime="20210926 20:18:58.130"/>
</kw>
<status status="PASS" starttime="20210926 20:18:34.742" endtime="20210926 20:18:58.130"/>
</kw>
<kw name="Set Selenium Timeout" library="SeleniumLibrary">
<arg>${DEFAULT_TIMEOUT}</arg>
<doc>Sets the timeout that is used by various keywords.</doc>
<status status="PASS" starttime="20210926 20:18:58.130" endtime="20210926 20:18:58.334"/>
</kw>
<kw name="Set Selenium Speed" library="SeleniumLibrary">
<arg>${DELAY}</arg>
<doc>Sets the delay that is waited after each Selenium command.</doc>
<status status="PASS" starttime="20210926 20:18:58.335" endtime="20210926 20:18:58.336"/>
</kw>
<status status="PASS" starttime="20210926 20:18:34.741" endtime="20210926 20:18:58.336"/>
</kw>
<kw name="Verify Homepage Opened" library="Homepage">
<kw name="Wait Until Element Is Visible" library="SeleniumLibrary">
<arg>${field_img_logo_skill_academy}</arg>
<doc>Waits until the element ``locator`` is visible.</doc>
<status status="PASS" starttime="20210926 20:18:58.337" endtime="20210926 20:18:58.781"/>
</kw>
<kw name="Element Should Be Visible" library="SeleniumLibrary">
<arg>${field_img_logo_skill_academy}</arg>
<doc>Verifies that the element identified by ``locator`` is visible.</doc>
<msg timestamp="20210926 20:18:59.211" level="INFO">Element 'css=img[alt='Skill Academy Logo']' is displayed.</msg>
<status status="PASS" starttime="20210926 20:18:58.781" endtime="20210926 20:18:59.211"/>
</kw>
<kw name="Wait Until Element Is Visible" library="SeleniumLibrary">
<arg>${button_menu_for_enterprise}</arg>
<doc>Waits until the element ``locator`` is visible.</doc>
<status status="PASS" starttime="20210926 20:18:59.212" endtime="20210926 20:18:59.646"/>
</kw>
<kw name="Element Should Be Visible" library="SeleniumLibrary">
<arg>${button_menu_for_enterprise}</arg>
<doc>Verifies that the element identified by ``locator`` is visible.</doc>
<msg timestamp="20210926 20:19:00.074" level="INFO">Element 'xpath=//a[@data-testid='header-enterprise-skillacademy-button']/p' is displayed.</msg>
<status status="PASS" starttime="20210926 20:18:59.647" endtime="20210926 20:19:00.074"/>
</kw>
<kw name="Wait Until Element Is Visible" library="SeleniumLibrary">
<arg>${button_menu_kelas_pekerja}</arg>
<doc>Waits until the element ``locator`` is visible.</doc>
<status status="PASS" starttime="20210926 20:19:00.075" endtime="20210926 20:19:00.502"/>
</kw>
<kw name="Element Should Be Visible" library="SeleniumLibrary">
<arg>${button_menu_kelas_pekerja}</arg>
<doc>Verifies that the element identified by ``locator`` is visible.</doc>
<msg timestamp="20210926 20:19:00.931" level="INFO">Element 'xpath=//a[@href='/prakerja']/p' is displayed.</msg>
<status status="PASS" starttime="20210926 20:19:00.502" endtime="20210926 20:19:00.931"/>
</kw>
<kw name="Wait Until Element Is Visible" library="SeleniumLibrary">
<arg>${button_menu_dropdown_kategori}</arg>
<doc>Waits until the element ``locator`` is visible.</doc>
<status status="PASS" starttime="20210926 20:19:00.932" endtime="20210926 20:19:01.365"/>
</kw>
<kw name="Element Should Be Visible" library="SeleniumLibrary">
<arg>${button_menu_dropdown_kategori}</arg>
<doc>Verifies that the element identified by ``locator`` is visible.</doc>
<msg timestamp="20210926 20:19:01.796" level="INFO">Element 'xpath=//div[@data-testid='dropdown-category']/p' is displayed.</msg>
<status status="PASS" starttime="20210926 20:19:01.365" endtime="20210926 20:19:01.796"/>
</kw>
<kw name="Wait Until Element Is Visible" library="SeleniumLibrary">
<arg>${button_menu_tambah_uang_saku}</arg>
<doc>Waits until the element ``locator`` is visible.</doc>
<status status="PASS" starttime="20210926 20:19:01.796" endtime="20210926 20:19:02.226"/>
</kw>
<kw name="Element Should Be Visible" library="SeleniumLibrary">
<arg>${button_menu_tambah_uang_saku}</arg>
<doc>Verifies that the element identified by ``locator`` is visible.</doc>
<msg timestamp="20210926 20:19:02.653" level="INFO">Element 'xpath=//a[@href='/referral/detail?scrollTo=&amp;activeTab=']/p' is displayed.</msg>
<status status="PASS" starttime="20210926 20:19:02.226" endtime="20210926 20:19:02.653"/>
</kw>
<kw name="Wait Until Element Is Visible" library="SeleniumLibrary">
<arg>${field_input_search}</arg>
<doc>Waits until the element ``locator`` is visible.</doc>
<status status="PASS" starttime="20210926 20:19:02.654" endtime="20210926 20:19:03.091"/>
</kw>
<kw name="Element Should Be Visible" library="SeleniumLibrary">
<arg>${field_input_search}</arg>
<doc>Verifies that the element identified by ``locator`` is visible.</doc>
<msg timestamp="20210926 20:19:03.523" level="INFO">Element 'xpath=//input[@data-testid='search-input-field']' is displayed.</msg>
<status status="PASS" starttime="20210926 20:19:03.091" endtime="20210926 20:19:03.523"/>
</kw>
<kw name="Wait Until Element Is Visible" library="SeleniumLibrary">
<arg>${field_img_banner_home}</arg>
<doc>Waits until the element ``locator`` is visible.</doc>
<status status="PASS" starttime="20210926 20:19:03.524" endtime="20210926 20:19:03.957"/>
</kw>
<kw name="Element Should Be Visible" library="SeleniumLibrary">
<arg>${field_img_banner_home}</arg>
<doc>Verifies that the element identified by ``locator`` is visible.</doc>
<msg timestamp="20210926 20:19:04.384" level="INFO">Element 'css=img[alt='Home Banner Large']' is displayed.</msg>
<status status="PASS" starttime="20210926 20:19:03.958" endtime="20210926 20:19:04.384"/>
</kw>
<status status="PASS" starttime="20210926 20:18:58.337" endtime="20210926 20:19:04.385"/>
</kw>
<kw name="Input 'keyword' in field search" library="Homepage">
<arg>java</arg>
<kw name="Wait Until Element Is Visible" library="SeleniumLibrary">
<arg>${field_input_search}</arg>
<doc>Waits until the element ``locator`` is visible.</doc>
<status status="PASS" starttime="20210926 20:19:04.386" endtime="20210926 20:19:04.815"/>
</kw>
<kw name="Input Text" library="SeleniumLibrary">
<arg>${field_input_search}</arg>
<arg>${TEXT_KEYWORD_SEARCH}</arg>
<doc>Types the given ``text`` into the text field identified by ``locator``.</doc>
<msg timestamp="20210926 20:19:04.816" level="INFO">Typing text 'java' into text field 'xpath=//input[@data-testid='search-input-field']'.</msg>
<status status="PASS" starttime="20210926 20:19:04.815" endtime="20210926 20:19:05.609"/>
</kw>
<status status="PASS" starttime="20210926 20:19:04.385" endtime="20210926 20:19:05.610"/>
</kw>
<kw name="Click search icon" library="Homepage">
<kw name="Wait Until Element Is Visible" library="SeleniumLibrary">
<arg>${field_img_icon_search}</arg>
<doc>Waits until the element ``locator`` is visible.</doc>
<status status="PASS" starttime="20210926 20:19:05.612" endtime="20210926 20:19:06.044"/>
</kw>
<kw name="Click Element" library="SeleniumLibrary">
<arg>${field_img_icon_search}</arg>
<doc>Click the element identified by ``locator``.</doc>
<msg timestamp="20210926 20:19:06.045" level="INFO">Clicking element 'xpath=//div[@data-testid='search-icon']'.</msg>
<status status="PASS" starttime="20210926 20:19:06.044" endtime="20210926 20:19:06.602"/>
</kw>
<status status="PASS" starttime="20210926 20:19:05.610" endtime="20210926 20:19:06.602"/>
</kw>
<kw name="Validate search result" library="Searchpage">
<kw name="Wait Until Element Is Visible" library="SeleniumLibrary">
<arg>${text_total_result}</arg>
<doc>Waits until the element ``locator`` is visible.</doc>
<status status="PASS" starttime="20210926 20:19:06.604" endtime="20210926 20:19:07.472"/>
</kw>
<kw name="Element Should Be Visible" library="SeleniumLibrary">
<arg>${text_total_result}</arg>
<doc>Verifies that the element identified by ``locator`` is visible.</doc>
<msg timestamp="20210926 20:19:07.897" level="INFO">Element 'css=[data-testid='total-result']' is displayed.</msg>
<status status="PASS" starttime="20210926 20:19:07.472" endtime="20210926 20:19:07.898"/>
</kw>
<kw name="Wait Until Element Is Visible" library="SeleniumLibrary">
<arg>${field_filter_by_harga}</arg>
<doc>Waits until the element ``locator`` is visible.</doc>
<status status="PASS" starttime="20210926 20:19:07.898" endtime="20210926 20:19:08.326"/>
</kw>
<kw name="Element Should Be Visible" library="SeleniumLibrary">
<arg>${field_filter_by_harga}</arg>
<doc>Verifies that the element identified by ``locator`` is visible.</doc>
<msg timestamp="20210926 20:19:08.753" level="INFO">Element 'xpath=(//div[@data-testid='dropdown-container']//div[.='Harga'])[1]' is displayed.</msg>
<status status="PASS" starttime="20210926 20:19:08.327" endtime="20210926 20:19:08.754"/>
</kw>
<kw name="Wait Until Element Is Visible" library="SeleniumLibrary">
<arg>${field_filter_by_durasi}</arg>
<doc>Waits until the element ``locator`` is visible.</doc>
<status status="PASS" starttime="20210926 20:19:08.754" endtime="20210926 20:19:09.183"/>
</kw>
<kw name="Element Should Be Visible" library="SeleniumLibrary">
<arg>${field_filter_by_durasi}</arg>
<doc>Verifies that the element identified by ``locator`` is visible.</doc>
<msg timestamp="20210926 20:19:09.609" level="INFO">Element 'xpath=(//div[@data-testid='dropdown-container']//div[.='Durasi'])[1]' is displayed.</msg>
<status status="PASS" starttime="20210926 20:19:09.183" endtime="20210926 20:19:09.610"/>
</kw>
<kw name="Wait Until Element Is Visible" library="SeleniumLibrary">
<arg>${field_sort_by}</arg>
<doc>Waits until the element ``locator`` is visible.</doc>
<status status="PASS" starttime="20210926 20:19:09.611" endtime="20210926 20:19:10.046"/>
</kw>
<kw name="Element Should Be Visible" library="SeleniumLibrary">
<arg>${field_sort_by}</arg>
<doc>Verifies that the element identified by ``locator`` is visible.</doc>
<msg timestamp="20210926 20:19:10.474" level="INFO">Element 'xpath=(//div[@data-testid='dropdown-container']//div[.='Pilih'])[1]' is displayed.</msg>
<status status="PASS" starttime="20210926 20:19:10.046" endtime="20210926 20:19:10.474"/>
</kw>
<status status="PASS" starttime="20210926 20:19:06.603" endtime="20210926 20:19:10.475"/>
</kw>
<kw name="Sort by latest" library="Searchpage">
<kw name="Wait Until Element Is Visible" library="SeleniumLibrary">
<arg>${field_sort_by}</arg>
<doc>Waits until the element ``locator`` is visible.</doc>
<status status="PASS" starttime="20210926 20:19:10.476" endtime="20210926 20:19:10.903"/>
</kw>
<kw name="Click Element" library="SeleniumLibrary">
<arg>${field_sort_by}</arg>
<doc>Click the element identified by ``locator``.</doc>
<msg timestamp="20210926 20:19:10.904" level="INFO">Clicking element 'xpath=(//div[@data-testid='dropdown-container']//div[.='Pilih'])[1]'.</msg>
<status status="PASS" starttime="20210926 20:19:10.904" endtime="20210926 20:19:11.395"/>
</kw>
<kw name="Wait Until Element Is Visible" library="SeleniumLibrary">
<arg>${sort_by_latest}</arg>
<doc>Waits until the element ``locator`` is visible.</doc>
<status status="PASS" starttime="20210926 20:19:11.396" endtime="20210926 20:19:11.828"/>
</kw>
<kw name="Click Element" library="SeleniumLibrary">
<arg>${sort_by_latest}</arg>
<doc>Click the element identified by ``locator``.</doc>
<msg timestamp="20210926 20:19:11.829" level="INFO">Clicking element 'xpath=//*[.='Terbaru']'.</msg>
<status status="PASS" starttime="20210926 20:19:11.828" endtime="20210926 20:19:12.407"/>
</kw>
<status status="PASS" starttime="20210926 20:19:10.475" endtime="20210926 20:19:12.407"/>
</kw>
<kw name="Sleep" library="BuiltIn">
<arg>5</arg>
<doc>Pauses the test executed for the given time.</doc>
<msg timestamp="20210926 20:19:17.410" level="INFO">Slept 5 seconds</msg>
<status status="PASS" starttime="20210926 20:19:12.408" endtime="20210926 20:19:17.410"/>
</kw>
<kw name="End Testing" library="CommonKeywords" type="TEARDOWN">
<kw name="Close All Browsers" library="SeleniumLibrary">
<doc>Closes all open browsers and resets the browser cache.</doc>
<status status="PASS" starttime="20210926 20:19:17.413" endtime="20210926 20:19:17.679"/>
</kw>
<status status="PASS" starttime="20210926 20:19:17.412" endtime="20210926 20:19:17.680"/>
</kw>
<doc>Search With Input Keyword and Sort by Latest</doc>
<tag>Regression</tag>
<tag>Smoke</tag>
<timeout value="4 minutes"/>
<status status="PASS" starttime="20210926 20:18:34.739" endtime="20210926 20:19:17.680"/>
</test>
<test id="s1-t8" name="TC008 Search With Input Keyword and Sort by Cheapest Price">
<kw name="Start Testing" library="CommonKeywords" type="SETUP">
<arg>${URL}</arg>
<kw name="Open Web" library="CommonKeywords">
<arg>${URL}</arg>
<kw name="Convert To Lower Case" library="String">
<var>${BROWSER}</var>
<arg>${BROWSER}</arg>
<doc>Converts string to lower case.</doc>
<msg timestamp="20210926 20:19:17.683" level="INFO">${BROWSER} = chrome</msg>
<status status="PASS" starttime="20210926 20:19:17.683" endtime="20210926 20:19:17.683"/>
</kw>
<kw name="Open Normal Browser" library="Browser">
<arg>${URL}</arg>
<kw name="Open Browser" library="SeleniumLibrary">
<arg>${URL_BLANK}</arg>
<arg>${BROWSER}</arg>
<doc>Opens a new browser instance to the optional ``url``.</doc>
<msg timestamp="20210926 20:19:17.684" level="INFO">Opening browser 'chrome' to base url 'about:blank'.</msg>
<status status="PASS" starttime="20210926 20:19:17.684" endtime="20210926 20:19:33.138"/>
</kw>
<kw name="Maximize Browser Window" library="SeleniumLibrary">
<doc>Maximizes current browser window.</doc>
<status status="PASS" starttime="20210926 20:19:33.138" endtime="20210926 20:19:35.812"/>
</kw>
<kw name="Go To" library="SeleniumLibrary">
<arg>${URL}</arg>
<doc>Navigates the current browser window to the provided ``url``.</doc>
<msg timestamp="20210926 20:19:35.813" level="INFO">Opening url 'https://skillacademy.com/'</msg>
<status status="PASS" starttime="20210926 20:19:35.812" endtime="20210926 20:19:41.402"/>
</kw>
<status status="PASS" starttime="20210926 20:19:17.683" endtime="20210926 20:19:41.402"/>
</kw>
<status status="PASS" starttime="20210926 20:19:17.682" endtime="20210926 20:19:41.402"/>
</kw>
<kw name="Set Selenium Timeout" library="SeleniumLibrary">
<arg>${DEFAULT_TIMEOUT}</arg>
<doc>Sets the timeout that is used by various keywords.</doc>
<status status="PASS" starttime="20210926 20:19:41.403" endtime="20210926 20:19:41.605"/>
</kw>
<kw name="Set Selenium Speed" library="SeleniumLibrary">
<arg>${DELAY}</arg>
<doc>Sets the delay that is waited after each Selenium command.</doc>
<status status="PASS" starttime="20210926 20:19:41.605" endtime="20210926 20:19:41.606"/>
</kw>
<status status="PASS" starttime="20210926 20:19:17.682" endtime="20210926 20:19:41.606"/>
</kw>
<kw name="Verify Homepage Opened" library="Homepage">
<kw name="Wait Until Element Is Visible" library="SeleniumLibrary">
<arg>${field_img_logo_skill_academy}</arg>
<doc>Waits until the element ``locator`` is visible.</doc>
<status status="PASS" starttime="20210926 20:19:41.608" endtime="20210926 20:19:42.052"/>
</kw>
<kw name="Element Should Be Visible" library="SeleniumLibrary">
<arg>${field_img_logo_skill_academy}</arg>
<doc>Verifies that the element identified by ``locator`` is visible.</doc>
<msg timestamp="20210926 20:19:42.484" level="INFO">Element 'css=img[alt='Skill Academy Logo']' is displayed.</msg>
<status status="PASS" starttime="20210926 20:19:42.053" endtime="20210926 20:19:42.485"/>
</kw>
<kw name="Wait Until Element Is Visible" library="SeleniumLibrary">
<arg>${button_menu_for_enterprise}</arg>
<doc>Waits until the element ``locator`` is visible.</doc>
<status status="PASS" starttime="20210926 20:19:42.485" endtime="20210926 20:19:42.923"/>
</kw>
<kw name="Element Should Be Visible" library="SeleniumLibrary">
<arg>${button_menu_for_enterprise}</arg>
<doc>Verifies that the element identified by ``locator`` is visible.</doc>
<msg timestamp="20210926 20:19:43.351" level="INFO">Element 'xpath=//a[@data-testid='header-enterprise-skillacademy-button']/p' is displayed.</msg>
<status status="PASS" starttime="20210926 20:19:42.923" endtime="20210926 20:19:43.352"/>
</kw>
<kw name="Wait Until Element Is Visible" library="SeleniumLibrary">
<arg>${button_menu_kelas_pekerja}</arg>
<doc>Waits until the element ``locator`` is visible.</doc>
<status status="PASS" starttime="20210926 20:19:43.352" endtime="20210926 20:19:43.785"/>
</kw>
<kw name="Element Should Be Visible" library="SeleniumLibrary">
<arg>${button_menu_kelas_pekerja}</arg>
<doc>Verifies that the element identified by ``locator`` is visible.</doc>
<msg timestamp="20210926 20:19:44.214" level="INFO">Element 'xpath=//a[@href='/prakerja']/p' is displayed.</msg>
<status status="PASS" starttime="20210926 20:19:43.785" endtime="20210926 20:19:44.214"/>
</kw>
<kw name="Wait Until Element Is Visible" library="SeleniumLibrary">
<arg>${button_menu_dropdown_kategori}</arg>
<doc>Waits until the element ``locator`` is visible.</doc>
<status status="PASS" starttime="20210926 20:19:44.215" endtime="20210926 20:19:44.643"/>
</kw>
<kw name="Element Should Be Visible" library="SeleniumLibrary">
<arg>${button_menu_dropdown_kategori}</arg>
<doc>Verifies that the element identified by ``locator`` is visible.</doc>
<msg timestamp="20210926 20:19:45.082" level="INFO">Element 'xpath=//div[@data-testid='dropdown-category']/p' is displayed.</msg>
<status status="PASS" starttime="20210926 20:19:44.643" endtime="20210926 20:19:45.083"/>
</kw>
<kw name="Wait Until Element Is Visible" library="SeleniumLibrary">
<arg>${button_menu_tambah_uang_saku}</arg>
<doc>Waits until the element ``locator`` is visible.</doc>
<status status="PASS" starttime="20210926 20:19:45.083" endtime="20210926 20:19:45.517"/>
</kw>
<kw name="Element Should Be Visible" library="SeleniumLibrary">
<arg>${button_menu_tambah_uang_saku}</arg>
<doc>Verifies that the element identified by ``locator`` is visible.</doc>
<msg timestamp="20210926 20:19:45.972" level="INFO">Element 'xpath=//a[@href='/referral/detail?scrollTo=&amp;activeTab=']/p' is displayed.</msg>
<status status="PASS" starttime="20210926 20:19:45.517" endtime="20210926 20:19:45.972"/>
</kw>
<kw name="Wait Until Element Is Visible" library="SeleniumLibrary">
<arg>${field_input_search}</arg>
<doc>Waits until the element ``locator`` is visible.</doc>
<status status="PASS" starttime="20210926 20:19:45.972" endtime="20210926 20:19:46.408"/>
</kw>
<kw name="Element Should Be Visible" library="SeleniumLibrary">
<arg>${field_input_search}</arg>
<doc>Verifies that the element identified by ``locator`` is visible.</doc>
<errors>
</errors>
</robot>
